\BOOKMARK [0][-]{section*.2}{\376\377\000T\000h\000e\000\040\000D\000a\000r\000k\000\040\000M\000a\000t\000t\000e\000r\000-\000B\000a\000r\000y\000o\000n\000\040\000R\000a\000t\000i\000o\000,\000\040\000H\000u\000b\000b\000l\000e\000\040\000a\000n\000d\000\040\000C\000l\000u\000s\000t\000e\000r\000i\000n\000g\000\040\000T\000e\000n\000s\000i\000o\000n\000s\000,\000\040\000a\000n\000d\000\040\000T\000h\000i\000r\000t\000e\000e\000n\000\040\000O\000b\000s\000e\000r\000v\000a\000b\000l\000e\000s\000\040\000f\000r\000o\000m\000\040\000K\000a\000l\000u\000z\000a\000-\000K\000l\000e\000i\000n\000\040\000G\000e\000o\000m\000e\000t\000r\000y}{}% 2
\BOOKMARK [1][-]{section*.1}{\376\377\000A\000b\000s\000t\000r\000a\000c\000t}{section*.2}% 1
\BOOKMARK [1][-]{section*.3}{\376\377\000I\000n\000t\000r\000o\000d\000u\000c\000t\000i\000o\000n}{section*.2}% 3
\BOOKMARK [2][-]{section*.4}{\376\377\000C\000o\000n\000t\000e\000x\000t}{section*.3}% 4
\BOOKMARK [2][-]{section*.5}{\376\377\000T\000h\000e\000\040\000C\000e\000n\000t\000r\000a\000l\000\040\000C\000l\000a\000i\000m}{section*.3}% 5
\BOOKMARK [2][-]{section*.6}{\376\377\000T\000h\000e\000\040\000K\000e\000y\000\040\000R\000e\000s\000u\000l\000t\000s\000\040\000\050\000P\000r\000e\000v\000i\000e\000w\000\051}{section*.3}% 6
\BOOKMARK [2][-]{section*.7}{\376\377\000O\000r\000g\000a\000n\000i\000z\000a\000t\000i\000o\000n}{section*.3}% 7
\BOOKMARK [2][-]{section*.8}{\376\377\000R\000e\000l\000a\000t\000i\000o\000n\000s\000h\000i\000p\000\040\000t\000o\000\040\000P\000a\000p\000e\000r\000\040\0001}{section*.3}% 8
\BOOKMARK [1][-]{section*.9}{\376\377\000F\000r\000a\000m\000e\000w\000o\000r\000k\000\040\000P\000a\000r\000a\000m\000e\000t\000e\000r\000s}{section*.2}% 9
\BOOKMARK [2][-]{section*.10}{\376\377\000I\000n\000h\000e\000r\000i\000t\000e\000d\000\040\000f\000r\000o\000m\000\040\000P\000a\000p\000e\000r\000\040\0001}{section*.9}% 10
\BOOKMARK [2][-]{section*.11}{\376\377\000T\000h\000e\000\040\000N\000e\000w\000\040\000R\000e\000s\000u\000l\000t\000:\000\040\000\040\000f\000r\000o\000m\000\040\000D\000M\000/\000b}{section*.9}% 11
\BOOKMARK [2][-]{section*.12}{\376\377\000T\000h\000e\000\040\000C\000o\000m\000p\000l\000e\000t\000e\000\040\000P\000a\000r\000a\000m\000e\000t\000e\000r\000\040\000S\000e\000t\000\040\000f\000o\000r\000\040\000C\000A\000M\000B}{section*.9}% 12
\BOOKMARK [1][-]{section*.13}{\376\377\000T\000h\000e\000\040\000C\000A\000M\000B\000\040\000C\000o\000m\000p\000u\000t\000a\000t\000i\000o\000n}{section*.2}% 13
\BOOKMARK [2][-]{section*.14}{\376\377\000T\000o\000o\000l\000\040\000a\000n\000d\000\040\000C\000o\000n\000f\000i\000g\000u\000r\000a\000t\000i\000o\000n}{section*.13}% 14
\BOOKMARK [2][-]{section*.15}{\376\377\000V\000a\000l\000i\000d\000a\000t\000i\000o\000n}{section*.13}% 15
\BOOKMARK [2][-]{section*.16}{\376\377\000T\000h\000e\000\040\000E\000i\000g\000h\000t\000\040\000S\000c\000e\000n\000a\000r\000i\000o\000s}{section*.13}% 16
\BOOKMARK [1][-]{section*.17}{\376\377\000R\000e\000s\000u\000l\000t\000s\000\040\000O\000v\000e\000r\000v\000i\000e\000w}{section*.2}% 17
\BOOKMARK [1][-]{section*.18}{\376\377\000T\000e\000n\000s\000i\000o\000n\000s\000\040\000R\000e\000s\000o\000l\000v\000e\000d}{section*.2}% 18
\BOOKMARK [2][-]{section*.19}{\376\377\000T\000h\000e\000\040\000S\0008\000\040\000T\000e\000n\000s\000i\000o\000n}{section*.18}% 19
\BOOKMARK [2][-]{section*.20}{\376\377\000T\000h\000e\000\040\000H\000u\000b\000b\000l\000e\000\040\000C\000o\000n\000s\000t\000a\000n\000t}{section*.18}% 20
\BOOKMARK [2][-]{section*.21}{\376\377\000T\000h\000e\000\040\000D\000E\000S\000I\000\040\000E\000v\000o\000l\000v\000i\000n\000g\000\040\000D\000a\000r\000k\000\040\000E\000n\000e\000r\000g\000y}{section*.18}% 21
\BOOKMARK [2][-]{section*.22}{\376\377\000T\000h\000e\000\040\000C\000o\000s\000m\000i\000c\000\040\000C\000o\000i\000n\000c\000i\000d\000e\000n\000c\000e}{section*.18}% 22
\BOOKMARK [1][-]{section*.23}{\376\377\000O\000p\000e\000n\000\040\000P\000r\000o\000b\000l\000e\000m\000s}{section*.2}% 23
\BOOKMARK [2][-]{section*.24}{\376\377\000T\000h\000e\000\040\000*\000\040\000T\000e\000n\000s\000i\000o\000n\000\040\000a\000n\000d\000\040\000t\000h\000e\000\040\000D\000e\000r\000i\000v\000a\000t\000i\000o\000n\000\040\000P\000a\000t\000h\000\040\000B\000\040\000\040\000C\000\040\000\040\000A}{section*.23}% 24
\BOOKMARK [2][-]{section*.25}{\376\377\000M\000i\000r\000r\000o\000r\000\040\000B\000a\000r\000y\000o\000g\000e\000n\000e\000s\000i\000s\000\040\000P\000r\000e\000c\000i\000s\000i\000o\000n}{section*.23}% 25
\BOOKMARK [2][-]{section*.26}{\376\377\000J\000W\000S\000T\000\040\000E\000a\000r\000l\000y\000\040\000G\000a\000l\000a\000x\000i\000e\000s}{section*.23}% 26
\BOOKMARK [2][-]{section*.27}{\376\377\000T\000h\000e\000\040\000S\000H\0000\000E\000S\000\040\000R\000e\000s\000i\000d\000u\000a\000l}{section*.23}% 27
\BOOKMARK [1][-]{section*.28}{\376\377\000D\000e\000c\000i\000s\000i\000v\000e\000\040\000T\000e\000s\000t\000s}{section*.2}% 28
\BOOKMARK [1][-]{section*.29}{\376\377\000C\000o\000n\000c\000l\000u\000s\000i\000o\000n}{section*.2}% 29
\BOOKMARK [2][-]{section*.30}{\376\377\000W\000h\000a\000t\000\040\000W\000a\000s\000\040\000C\000o\000m\000p\000u\000t\000e\000d}{section*.29}% 30
\BOOKMARK [2][-]{section*.31}{\376\377\000T\000h\000e\000\040\000R\000e\000s\000u\000l\000t\000s}{section*.29}% 31
\BOOKMARK [2][-]{section*.32}{\376\377\000W\000h\000a\000t\000\040\000M\000a\000k\000e\000s\000\040\000T\000h\000i\000s\000\040\000D\000i\000f\000f\000e\000r\000e\000n\000t}{section*.29}% 32
\BOOKMARK [2][-]{section*.33}{\376\377\000W\000h\000a\000t\000\040\000R\000e\000m\000a\000i\000n\000s\000\040\000O\000p\000e\000n}{section*.29}% 33
\BOOKMARK [2][-]{section*.34}{\376\377\000T\000h\000e\000\040\000D\000e\000c\000i\000s\000i\000v\000e\000\040\000D\000e\000c\000a\000d\000e}{section*.29}% 34
\BOOKMARK [2][-]{section*.35}{\376\377\000T\000h\000e\000\040\000L\000a\000r\000g\000e\000r\000\040\000P\000i\000c\000t\000u\000r\000e}{section*.29}% 35
\BOOKMARK [1][-]{section*.36}{\376\377\000A\000g\000e\000\040\000o\000f\000\040\000t\000h\000e\000\040\000U\000n\000i\000v\000e\000r\000s\000e}{section*.2}% 36
\BOOKMARK [2][-]{section*.37}{\376\377\000T\000h\000e\000\040\000S\000t\000a\000n\000d\000a\000r\000d\000\040\000A\000g\000e\000\040\000I\000n\000t\000e\000g\000r\000a\000l}{section*.36}% 37
\BOOKMARK [2][-]{section*.38}{\376\377\000T\000h\000e\000\040\000F\000i\000v\000e\000\040\000C\000h\000a\000n\000n\000e\000l\000s\000\040\000o\000f\000\040\000M\000o\000d\000i\000f\000i\000c\000a\000t\000i\000o\000n}{section*.36}% 38
\BOOKMARK [3][-]{section*.39}{\376\377\000C\000h\000a\000n\000n\000e\000l\000\040\0001\000:\000\040\000H\0000\000\040\000S\000h\000i\000f\000t\000\040\000\050\000d\000o\000m\000i\000n\000a\000n\000t\000\051}{section*.38}% 39
\BOOKMARK [3][-]{section*.40}{\376\377\000C\000h\000a\000n\000n\000e\000l\000\040\0002\000:\000\040\000E\000v\000o\000l\000v\000i\000n\000g\000\040\000D\000a\000r\000k\000\040\000E\000n\000e\000r\000g\000y\000\040\000\050\000p\000a\000r\000t\000i\000a\000l\000\040\000c\000o\000m\000p\000e\000n\000s\000a\000t\000i\000o\000n\000\051}{section*.38}% 40
\BOOKMARK [3][-]{section*.41}{\376\377\000C\000h\000a\000n\000n\000e\000l\000\040\0003\000:\000\040\000E\000l\000e\000v\000a\000t\000e\000d\000\040\000N\000e\000f\000f\000\040\000\050\000s\000m\000a\000l\000l\000\051}{section*.38}% 41
\BOOKMARK [3][-]{section*.42}{\376\377\000C\000h\000a\000n\000n\000e\000l\000\040\0004\000:\000\040\000L\000o\000w\000e\000r\000\040\000m\000\040\000\050\000c\000o\000m\000p\000e\000n\000s\000a\000t\000i\000o\000n\000\051}{section*.38}% 42
\BOOKMARK [3][-]{section*.43}{\376\377\000C\000h\000a\000n\000n\000e\000l\000\040\0005\000:\000\040\000N\000e\000u\000t\000r\000i\000n\000o\000\040\000m\000a\000s\000s\000e\000s\000\040\000\050\000n\000e\000g\000l\000i\000g\000i\000b\000l\000e\000\051}{section*.38}% 43
\BOOKMARK [2][-]{section*.44}{\376\377\000T\000h\000e\000\040\000F\000r\000a\000m\000e\000w\000o\000r\000k\000\040\000P\000a\000r\000a\000m\000e\000t\000e\000r\000\040\000S\000e\000t}{section*.36}% 44
\BOOKMARK [2][-]{section*.45}{\376\377\000T\000h\000e\000\040\000c\000\040\000h\0002\000\040\000D\000e\000t\000e\000r\000m\000i\000n\000a\000t\000i\000o\000n\000:\000\040\000T\000h\000e\000\040\000*\000\040\000C\000o\000n\000s\000t\000r\000a\000i\000n\000t}{section*.36}% 45
\BOOKMARK [2][-]{section*.46}{\376\377\000T\000h\000e\000\040\000C\000A\000M\000B\000\040\000R\000e\000s\000u\000l\000t}{section*.36}% 46
\BOOKMARK [3][-]{section*.47}{\376\377\000A\000g\000e\000\040\000a\000t\000\040\000k\000e\000y\000\040\000r\000e\000d\000s\000h\000i\000f\000t\000s\000:}{section*.46}% 47
\BOOKMARK [2][-]{section*.48}{\376\377\000C\000o\000n\000s\000i\000s\000t\000e\000n\000c\000y\000\040\000w\000i\000t\000h\000\040\000I\000n\000d\000e\000p\000e\000n\000d\000e\000n\000t\000\040\000A\000g\000e\000\040\000M\000e\000a\000s\000u\000r\000e\000m\000e\000n\000t\000s}{section*.36}% 48
\BOOKMARK [2][-]{section*.49}{\376\377\000T\000h\000e\000\040\000F\000u\000l\000l\000\040\000C\000o\000s\000m\000o\000l\000o\000g\000i\000c\000a\000l\000\040\000P\000a\000r\000a\000m\000e\000t\000e\000r\000\040\000S\000e\000t}{section*.36}% 49
\BOOKMARK [2][-]{section*.50}{\376\377\000W\000h\000a\000t\000\040\000W\000o\000u\000l\000d\000\040\000C\000h\000a\000n\000g\000e\000\040\000t\000h\000e\000\040\000A\000g\000e\000\040\000P\000r\000e\000d\000i\000c\000t\000i\000o\000n}{section*.36}% 50
\BOOKMARK [2][-]{section*.51}{\376\377\000R\000e\000f\000e\000r\000e\000n\000c\000e\000s}{section*.36}% 51
\BOOKMARK [1][-]{section*.52}{\376\377\000E\000x\000p\000a\000n\000s\000i\000o\000n\000\040\000H\000i\000s\000t\000o\000r\000y\000\040\000H\000\050\000z\000\051}{section*.2}% 52
\BOOKMARK [2][-]{section*.53}{\376\377\000T\000h\000e\000\040\000M\000o\000d\000i\000f\000i\000e\000d\000\040\000H\000u\000b\000b\000l\000e\000\040\000P\000a\000r\000a\000m\000e\000t\000e\000r}{section*.52}% 53
\BOOKMARK [2][-]{section*.54}{\376\377\000C\000A\000M\000B\000-\000C\000o\000m\000p\000u\000t\000e\000d\000\040\000H\000\050\000z\000\051\000\040\000V\000a\000l\000u\000e\000s}{section*.52}% 54
\BOOKMARK [2][-]{section*.55}{\376\377\000T\000h\000e\000\040\000C\000h\000a\000r\000a\000c\000t\000e\000r\000i\000s\000t\000i\000c\000\040\000S\000h\000a\000p\000e}{section*.52}% 55
\BOOKMARK [2][-]{section*.56}{\376\377\000D\000E\000S\000I\000\040\000B\000A\000O\000\040\000P\000r\000e\000d\000i\000c\000t\000i\000o\000n\000s}{section*.52}% 56
\BOOKMARK [2][-]{section*.57}{\376\377\000C\000o\000m\000p\000a\000r\000i\000s\000o\000n\000\040\000w\000i\000t\000h\000\040\000C\000u\000r\000r\000e\000n\000t\000\040\000D\000E\000S\000I\000\040\000D\000a\000t\000a}{section*.52}% 57
\BOOKMARK [2][-]{section*.58}{\376\377\000R\000e\000f\000e\000r\000e\000n\000c\000e\000s}{section*.52}% 58
\BOOKMARK [1][-]{section*.59}{\376\377\000S\0008\000\040\000T\000e\000n\000s\000i\000o\000n\000\040\000R\000e\000s\000o\000l\000u\000t\000i\000o\000n}{section*.2}% 59
\BOOKMARK [2][-]{section*.60}{\376\377\000T\000h\000e\000\040\000S\0008\000\040\000T\000e\000n\000s\000i\000o\000n}{section*.59}% 60
\BOOKMARK [2][-]{section*.61}{\376\377\000T\000h\000e\000\040\000P\000h\000y\000s\000i\000c\000a\000l\000\040\000M\000e\000c\000h\000a\000n\000i\000s\000m}{section*.59}% 61
\BOOKMARK [3][-]{section*.62}{\376\377\000E\000f\000f\000e\000c\000t\000\040\0001\000:\000\040\000E\000l\000e\000v\000a\000t\000e\000d\000\040\000N\000e\000f\000f\000\040\000s\000u\000p\000p\000r\000e\000s\000s\000e\000s\000\040\000e\000a\000r\000l\000y\000\040\000c\000l\000u\000s\000t\000e\000r\000i\000n\000g}{section*.61}% 62
\BOOKMARK [3][-]{section*.63}{\376\377\000E\000f\000f\000e\000c\000t\000\040\0002\000:\000\040\000E\000v\000o\000l\000v\000i\000n\000g\000\040\000w\000\050\000z\000\051\000\040\000c\000h\000a\000n\000g\000e\000s\000\040\000t\000h\000e\000\040\000g\000r\000o\000w\000t\000h\000\040\000r\000a\000t\000e}{section*.61}% 63
\BOOKMARK [3][-]{section*.64}{\376\377\000E\000f\000f\000e\000c\000t\000\040\0003\000:\000\040\000L\000o\000w\000e\000r\000\040\000m\000\040\000r\000e\000d\000u\000c\000e\000s\000\040\000S\0008\000\040\000d\000i\000r\000e\000c\000t\000l\000y}{section*.61}% 64
\BOOKMARK [2][-]{section*.65}{\376\377\000T\000h\000e\000\040\000B\000r\000e\000a\000k\000d\000o\000w\000n}{section*.59}% 65
\BOOKMARK [2][-]{section*.66}{\376\377\000T\000h\000e\000\040\0008\000\040\000B\000r\000e\000a\000k\000d\000o\000w\000n}{section*.59}% 66
\BOOKMARK [2][-]{section*.67}{\376\377\000M\000i\000r\000r\000o\000r\000\040\000D\000a\000r\000k\000\040\000M\000a\000t\000t\000e\000r\000\040\000a\000n\000d\000\040\000C\000o\000l\000l\000i\000s\000i\000o\000n\000a\000l\000\040\000E\000f\000f\000e\000c\000t\000s}{section*.59}% 67
\BOOKMARK [2][-]{section*.68}{\376\377\000P\000r\000e\000d\000i\000c\000t\000i\000o\000n\000s\000\040\000f\000o\000r\000\040\000F\000u\000t\000u\000r\000e\000\040\000S\000u\000r\000v\000e\000y\000s}{section*.59}% 68
\BOOKMARK [2][-]{section*.69}{\376\377\000R\000e\000f\000e\000r\000e\000n\000c\000e\000s}{section*.59}% 69
\BOOKMARK [1][-]{section*.70}{\376\377\000S\000o\000u\000n\000d\000\040\000H\000o\000r\000i\000z\000o\000n}{section*.2}% 70
\BOOKMARK [2][-]{section*.71}{\376\377\000T\000h\000e\000\040\000S\000o\000u\000n\000d\000\040\000H\000o\000r\000i\000z\000o\000n}{section*.70}% 71
\BOOKMARK [2][-]{section*.72}{\376\377\000T\000h\000e\000\040\000F\000r\000a\000m\000e\000w\000o\000r\000k\000\040\000P\000r\000e\000d\000i\000c\000t\000i\000o\000n}{section*.70}% 72
\BOOKMARK [2][-]{section*.73}{\376\377\000C\000o\000m\000p\000a\000r\000i\000s\000o\000n\000\040\000w\000i\000t\000h\000\040\000D\000E\000S\000I\000\040\000M\000e\000a\000s\000u\000r\000e\000m\000e\000n\000t\000s}{section*.70}% 73
\BOOKMARK [2][-]{section*.74}{\376\377\000W\000h\000y\000\040\000r\000d\000\040\000I\000s\000\040\000a\000\040\000S\000t\000r\000i\000n\000g\000e\000n\000t\000\040\000T\000e\000s\000t}{section*.70}% 74
\BOOKMARK [2][-]{section*.75}{\376\377\000T\000h\000e\000\040\000S\000e\000l\000f\000-\000C\000o\000n\000s\000i\000s\000t\000e\000n\000c\000y\000\040\000C\000h\000a\000i\000n}{section*.70}% 75
\BOOKMARK [2][-]{section*.76}{\376\377\000R\000e\000f\000e\000r\000e\000n\000c\000e\000s}{section*.70}% 76
\BOOKMARK [1][-]{section*.77}{\376\377\000M\000i\000r\000r\000o\000r\000\040\000B\000a\000r\000y\000o\000g\000e\000n\000e\000s\000i\000s\000\040\000a\000n\000d\000\040\000C\000o\000s\000m\000i\000c\000\040\000C\000o\000i\000n\000c\000i\000d\000e\000n\000c\000e}{section*.2}% 77
\BOOKMARK [2][-]{section*.78}{\376\377\000T\000h\000e\000\040\000P\000r\000o\000b\000l\000e\000m}{section*.77}% 78
\BOOKMARK [2][-]{section*.79}{\376\377\000W\000h\000y\000\040\000D\000i\000r\000e\000c\000t\000\040\000D\000i\000l\000a\000t\000o\000n\000\040\000C\000o\000u\000p\000l\000i\000n\000g\000\040\000F\000a\000i\000l\000s}{section*.77}% 79
\BOOKMARK [2][-]{section*.80}{\376\377\000T\000h\000e\000\040\000C\000o\000r\000r\000e\000c\000t\000\040\000M\000e\000c\000h\000a\000n\000i\000s\000m\000:\000\040\000T\000e\000m\000p\000e\000r\000a\000t\000u\000r\000e\000-\000A\000s\000y\000m\000m\000e\000t\000r\000i\000c\000\040\000B\000u\000l\000k\000\040\000L\000e\000p\000t\000o\000g\000e\000n\000e\000s\000i\000s}{section*.77}% 80
\BOOKMARK [3][-]{section*.81}{\376\377\000S\000e\000t\000u\000p}{section*.80}% 81
\BOOKMARK [3][-]{section*.82}{\376\377\000T\000h\000e\000\040\000B\000r\000a\000n\000c\000h\000i\000n\000g\000\040\000R\000a\000t\000i\000o}{section*.80}% 82
\BOOKMARK [3][-]{section*.83}{\376\377\000T\000h\000e\000\040\000T\000w\000o\000\040\000T\000h\000e\000r\000m\000a\000l\000\040\000A\000s\000y\000m\000m\000e\000t\000r\000i\000e\000s}{section*.80}% 83
\BOOKMARK [3][-]{section*.84}{\376\377\000T\000h\000e\000\040\000M\000a\000s\000t\000e\000r\000\040\000F\000o\000r\000m\000u\000l\000a\000\040\000\050\000L\000e\000a\000d\000i\000n\000g\000\040\000O\000r\000d\000e\000r\000\051}{section*.80}% 84
\BOOKMARK [2][-]{section*.85}{\376\377\000D\000e\000t\000e\000r\000m\000i\000n\000i\000n\000g\000\040\000\040\000f\000r\000o\000m\000\040\000O\000b\000s\000e\000r\000v\000a\000t\000i\000o\000n}{section*.77}% 85
\BOOKMARK [2][-]{section*.86}{\376\377\000T\000h\000e\000\040\000C\000l\000o\000s\000e\000d\000\040\000C\000h\000a\000i\000n}{section*.77}% 86
\BOOKMARK [2][-]{section*.87}{\376\377\000C\000o\000m\000p\000a\000r\000i\000s\000o\000n\000\040\000o\000f\000\040\000T\000w\000o\000\040\000S\000c\000e\000n\000a\000r\000i\000o\000s}{section*.77}% 87
\BOOKMARK [2][-]{section*.88}{\376\377\000T\000h\000e\000\040\000C\000o\000s\000m\000i\000c\000\040\000C\000o\000i\000n\000c\000i\000d\000e\000n\000c\000e\000\040\000E\000x\000p\000l\000a\000i\000n\000e\000d}{section*.77}% 88
\BOOKMARK [2][-]{section*.89}{\376\377\000C\000o\000n\000s\000i\000s\000t\000e\000n\000c\000y\000\040\000C\000h\000e\000c\000k\000:\000\040\000T\000h\000e\000\040\000F\000u\000l\000l\000\040\000F\000o\000r\000m\000u\000l\000a\000\040\000w\000i\000t\000h\000\040\000W\000a\000r\000p\000\040\000C\000o\000r\000r\000e\000c\000t\000i\000o\000n}{section*.77}% 89
\BOOKMARK [2][-]{section*.90}{\376\377\000R\000e\000f\000e\000r\000e\000n\000c\000e\000s}{section*.77}% 90
\BOOKMARK [1][-]{section*.91}{\376\377\000T\000h\000a\000w\000i\000n\000g\000\040\000D\000i\000l\000a\000t\000o\000n}{section*.2}% 91
\BOOKMARK [2][-]{section*.92}{\376\377\000T\000h\000e\000\040\000D\000i\000l\000a\000t\000o\000n\000\040\000E\000q\000u\000a\000t\000i\000o\000n\000\040\000o\000f\000\040\000M\000o\000t\000i\000o\000n}{section*.91}% 92
\BOOKMARK [2][-]{section*.93}{\376\377\000T\000h\000e\000\040\000T\000h\000a\000w\000i\000n\000g\000\040\000S\000c\000e\000n\000a\000r\000i\000o}{section*.91}% 93
\BOOKMARK [2][-]{section*.94}{\376\377\000T\000h\000e\000\040\000C\000P\000L\000\040\000P\000a\000r\000a\000m\000e\000t\000e\000r\000i\000z\000a\000t\000i\000o\000n}{section*.91}% 94
\BOOKMARK [2][-]{section*.95}{\376\377\000C\000o\000m\000p\000a\000r\000i\000s\000o\000n\000\040\000w\000i\000t\000h\000\040\000D\000E\000S\000I\000\040\000D\000R\0002}{section*.91}% 95
\BOOKMARK [2][-]{section*.96}{\376\377\000T\000h\000e\000\040\000w\000\050\000z\000\051\000\040\000P\000l\000o\000t}{section*.91}% 96
\BOOKMARK [2][-]{section*.97}{\376\377\000P\000h\000y\000s\000i\000c\000a\000l\000\040\000M\000e\000a\000n\000i\000n\000g\000\040\000o\000f\000\040\000t\000h\000e\000\040\000R\000o\000l\000l\000i\000n\000g\000\040\000D\000i\000l\000a\000t\000o\000n}{section*.91}% 97
\BOOKMARK [2][-]{section*.98}{\376\377\000R\000e\000f\000e\000r\000e\000n\000c\000e\000s}{section*.91}% 98
\BOOKMARK [1][-]{section*.99}{\376\377\000C\000M\000B\000\040\000A\000n\000g\000u\000l\000a\000r\000\040\000S\000c\000a\000l\000e}{section*.2}% 99
\BOOKMARK [2][-]{section*.100}{\376\377\000T\000h\000e\000\040\000*\000\040\000O\000b\000s\000e\000r\000v\000a\000b\000l\000e}{section*.99}% 100
\BOOKMARK [2][-]{section*.101}{\376\377\000H\000o\000w\000\040\000t\000h\000e\000\040\000F\000r\000a\000m\000e\000w\000o\000r\000k\000\040\000P\000a\000s\000s\000e\000s\000\040\000T\000h\000i\000s\000\040\000T\000e\000s\000t}{section*.99}% 101
\BOOKMARK [2][-]{section*.102}{\376\377\000T\000h\000e\000\040\000C\000A\000M\000B\000\040\000S\000c\000a\000n}{section*.99}% 102
\BOOKMARK [2][-]{section*.103}{\376\377\000W\000h\000a\000t\000\040\000T\000h\000i\000s\000\040\000M\000e\000a\000n\000s\000\040\000P\000h\000y\000s\000i\000c\000a\000l\000l\000y}{section*.99}% 103
\BOOKMARK [2][-]{section*.104}{\376\377\000F\000u\000t\000u\000r\000e\000\040\000T\000e\000s\000t\000s}{section*.99}% 104
\BOOKMARK [2][-]{section*.105}{\376\377\000R\000e\000f\000e\000r\000e\000n\000c\000e\000s}{section*.99}% 105
\BOOKMARK [1][-]{section*.106}{\376\377\000J\000W\000S\000T\000\040\000E\000a\000r\000l\000y\000\040\000G\000a\000l\000a\000x\000i\000e\000s}{section*.2}% 106
\BOOKMARK [2][-]{section*.107}{\376\377\000T\000h\000e\000\040\000J\000W\000S\000T\000\040\000T\000e\000n\000s\000i\000o\000n}{section*.106}% 107
\BOOKMARK [2][-]{section*.108}{\376\377\000T\000h\000e\000\040\000F\000r\000a\000m\000e\000w\000o\000r\000k\000\040\000C\000a\000n\000n\000o\000t\000\040\000A\000d\000d\000\040\000T\000i\000m\000e\000\040\000a\000t\000\040\000z\000\040\000>\000\040\0001\0000}{section*.106}% 108
\BOOKMARK [2][-]{section*.109}{\376\377\000W\000h\000a\000t\000\040\000t\000h\000e\000\040\000F\000r\000a\000m\000e\000w\000o\000r\000k\000\040\000M\000A\000Y\000\040\000A\000d\000d\000r\000e\000s\000s\000:\000\040\000D\000a\000r\000k\000\040\000S\000e\000c\000t\000o\000r\000\040\000P\000h\000y\000s\000i\000c\000s}{section*.106}% 109
\BOOKMARK [3][-]{section*.110}{\376\377\000M\000i\000r\000r\000o\000r\000\040\000D\000a\000r\000k\000\040\000M\000a\000t\000t\000e\000r\000\040\000S\000t\000r\000u\000c\000t\000u\000r\000e\000\040\000F\000o\000r\000m\000a\000t\000i\000o\000n}{section*.109}% 110
\BOOKMARK [3][-]{section*.111}{\376\377\000D\000a\000r\000k\000\040\000P\000h\000o\000t\000o\000n\000\040\000E\000n\000e\000r\000g\000y\000\040\000I\000n\000j\000e\000c\000t\000i\000o\000n}{section*.109}% 111
\BOOKMARK [3][-]{section*.112}{\376\377\000K\000K\000\040\000G\000r\000a\000v\000i\000t\000o\000n\000\040\000C\000a\000s\000c\000a\000d\000e\000\040\000D\000e\000c\000a\000y\000s\000\040\000a\000n\000d\000\040\000E\000a\000r\000l\000y\000\040\000S\000t\000r\000u\000c\000t\000u\000r\000e}{section*.109}% 112
\BOOKMARK [2][-]{section*.113}{\376\377\000H\000o\000n\000e\000s\000t\000\040\000A\000s\000s\000e\000s\000s\000m\000e\000n\000t}{section*.106}% 113
\BOOKMARK [2][-]{section*.114}{\376\377\000F\000u\000t\000u\000r\000e\000\040\000W\000o\000r\000k}{section*.106}% 114
\BOOKMARK [2][-]{section*.115}{\376\377\000R\000e\000f\000e\000r\000e\000n\000c\000e\000s}{section*.106}% 115
\BOOKMARK [1][-]{section*.116}{\376\377\000D\000e\000c\000i\000s\000i\000v\000e\000\040\000T\000e\000s\000t\000s}{section*.2}% 116
\BOOKMARK [2][-]{section*.117}{\376\377\000T\000h\000e\000\040\000C\000o\000m\000p\000l\000e\000t\000e\000\040\000P\000r\000e\000d\000i\000c\000t\000i\000o\000n\000\040\000S\000e\000t}{section*.116}% 117
\BOOKMARK [2][-]{section*.118}{\376\377\000C\000M\000B\000-\000S\0004\000:\000\040\000T\000h\000e\000\040\000M\000o\000s\000t\000\040\000D\000e\000c\000i\000s\000i\000v\000e\000\040\000T\000e\000s\000t}{section*.116}% 118
\BOOKMARK [2][-]{section*.119}{\376\377\000D\000E\000S\000I\000\040\000D\000R\0003\000:\000\040\000T\000h\000e\000\040\000E\000x\000p\000a\000n\000s\000i\000o\000n\000\040\000H\000i\000s\000t\000o\000r\000y\000\040\000T\000e\000s\000t}{section*.116}% 119
\BOOKMARK [2][-]{section*.120}{\376\377\000E\000u\000c\000l\000i\000d\000\040\000+\000\040\000R\000u\000b\000i\000n\000:\000\040\000T\000h\000e\000\040\000S\0008\000\040\000T\000e\000s\000t}{section*.116}% 120
\BOOKMARK [2][-]{section*.121}{\376\377\000J\000U\000N\000O\000:\000\040\000T\000h\000e\000\040\000N\000e\000u\000t\000r\000i\000n\000o\000\040\000O\000r\000d\000e\000r\000i\000n\000g\000\040\000T\000e\000s\000t}{section*.116}% 121
\BOOKMARK [2][-]{section*.122}{\376\377\000M\000E\000M\000S\000/\000T\000o\000r\000s\000i\000o\000n\000\040\000B\000a\000l\000a\000n\000c\000e\000:\000\040\000T\000h\000e\000\040\000S\000h\000o\000r\000t\000-\000R\000a\000n\000g\000e\000\040\000G\000r\000a\000v\000i\000t\000y\000\040\000T\000e\000s\000t}{section*.116}% 122
\BOOKMARK [2][-]{section*.123}{\376\377\000G\000r\000a\000v\000i\000t\000a\000t\000i\000o\000n\000a\000l\000\040\000W\000a\000v\000e\000\040\000S\000t\000a\000n\000d\000a\000r\000d\000\040\000S\000i\000r\000e\000n\000s}{section*.116}% 123
\BOOKMARK [2][-]{section*.124}{\376\377\000A\000D\000M\000X\000\040\000/\000\040\000A\000B\000R\000A\000C\000A\000D\000A\000B\000R\000A\000\040\000/\000\040\000I\000A\000X\000O\000:\000\040\000T\000h\000e\000\040\000A\000x\000i\000o\000n\000\040\000T\000e\000s\000t}{section*.116}% 124
\BOOKMARK [2][-]{section*.125}{\376\377\000T\000h\000e\000\040\000C\000o\000r\000r\000e\000l\000a\000t\000e\000d\000\040\000T\000e\000s\000t\000\040\000S\000t\000r\000a\000t\000e\000g\000y}{section*.116}% 125
\BOOKMARK [2][-]{section*.126}{\376\377\000S\000u\000m\000m\000a\000r\000y\000\040\000T\000i\000m\000e\000l\000i\000n\000e}{section*.116}% 126
\BOOKMARK [1][-]{section*.127}{\376\377\000R\000e\000f\000e\000r\000e\000n\000c\000e\000s}{section*.2}% 127
