This is pdfTeX, Version 3.141592653-2.6-1.40.29 (TeX Live 2026) (preloaded format=pdflatex 2026.3.1)  4 APR 2026 15:05
entering extended mode
 restricted \write18 enabled.
 %&-line parsing enabled.
**main.tex
(./main.tex
LaTeX2e <2025-11-01>
L3 programming layer <2026-01-19>
(/usr/local/texlive/2026basic/texmf-dist/tex/latex/revtex/revtex4-2.cls
Document Class: revtex4-2 2022/06/05 4.2f (https://journals.aps.org/revtex/ for
 documentation)
 Copyright (c) 2019 American Physical Society.
 mailto:revtex@aps.org
 Licensed under the LPPL:
http://www.ctan.org/tex-archive/macros/latex/base/lppl.txt
 Arthur Ogawa <arthur_ogawa at sbcglobal dot net>
 Based on work by David Carlisle <david at dcarlisle.demon.co.uk>
 Version (4.2d--4.2f): Modified by Mark Doyle and Phelype Oleinik
 .
ltxutil[2022/06/05 4.2f utilities package (portions licensed from W. E. Baxter 
web at superscript.com)]
LaTeX Info: Redefining \@centercr on input line 356.
Class revtex4-2 Info: Repairing hyperref-unfriendly LaTeX definition of \mpfoot
note on input line 492.
Class revtex4-2 Info: Repairing broken LateX \@sect on input line 814.
\intertabularlinepenalty=\count275
\@tbpen=\count276
\@arstrutbox@hline=\box53
Class revtex4-2 Info: Repairing broken LaTeX \@xbitor on input line 1845.
Class revtex4-2 Info: Making \typeout \long on input line 2110.
ltxfront[2022/06/05 4.2f frontmatter package (AO,DPC,MD)]
\c@affil=\count277
\c@collab=\count278
\absbox=\box54
ltxgrid[2022/06/05 4.2f page grid package (portions licensed from W. E. Baxter 
web at superscript.com)]
\c@linecount=\count279
\output@latex=\toks17
\box@size@1=\box55
\box@size@2=\box56
\@protection@box=\box57
\@topmark@saved=\toks18
\footins@saved=\box58
\footins@recovered=\box59
\column@recovered=\box60
\pagesofar=\box61
\footsofar=\box62
\pagegrid@col=\count280
Class revtex4-2 Info: Overriding \@vspace, \@vspacer, \@no@pgbk, \@newline, and
 \\  on input line 5676.
\c@part=\count281
\c@section=\count282
\c@subsection=\count283
\c@subsubsection=\count284
\c@paragraph=\count285
\c@subparagraph=\count286
\abovecaptionskip=\skip49
\belowcaptionskip=\skip50
\c@figure=\count287
\fbox@1=\box63
\c@table=\count288
\fbox@2=\box64
\c@video=\count289
\fbox@4=\box65
\@bibdataout=\write3
\widetext@top=\box66
\widetext@bot=\box67
Class revtex4-2 Info: Selecting society aps on input line 7669.
(/usr/local/texlive/2026basic/texmf-dist/tex/latex/revtex/aps4-2.rtx
File: aps4-2 2022/06/05 4.2f (https://journals.aps.org/revtex/ for documentatio
n)
Class revtex4-2 Info: RevTeX society APS selected on input line 40.
)
Class revtex4-2 Info: Selecting journal prd on input line 7671.
Class revtex4-2 Info: APS journal PRD selected on input line 7672.

(/usr/local/texlive/2026basic/texmf-dist/tex/latex/revtex/aps12pt4-2.rtx
File: aps12pt4-2 2022/06/05 4.2f (https://journals.aps.org/revtex/ for document
ation)
Class revtex4-2 Info: RevTeX pointsize 12pt selected on input line 39.
)
(/usr/local/texlive/2026basic/texmf-dist/tex/latex/textcase/textcase.sty
Package: textcase 2025/02/16 v1.05 Text only upper/lower case changing (DPC)
Package textcase Info: Defining Legacy names on input line 20.
)
(/usr/local/texlive/2026basic/texmf-dist/tex/latex/url/url.sty
\Urlmuskip=\muskip17
Package: url 2013/09/16  ver 3.4  Verb mode for urls, etc.
)
(/usr/local/texlive/2026basic/texmf-dist/tex/latex/natbib/natbib.sty
Package: natbib 2010/09/13 8.31b (PWD, AO)
\bibhang=\skip51
\bibsep=\skip52
LaTeX Info: Redefining \cite on input line 694.
\c@NAT@ctr=\count290
)
Class revtex4-2 Info: Repairing natbib's \BibitemShut on input line 7676.

(/usr/local/texlive/2026basic/texmf-dist/tex/latex/revtex/revsymb4-2.sty
Package: revsymb4-2 2022/06/05 4.2f (https://journals.aps.org/revtex/ for docum
entation)
LaTeX Info: Redefining \REV@mathfrak on input line 128.
))
(/usr/local/texlive/2026basic/texmf-dist/tex/latex/amsmath/amsmath.sty
Package: amsmath 2025/07/09 v2.17z AMS math features
\@mathmargin=\skip53

For additional information on amsmath, use the `?' option.
(/usr/local/texlive/2026basic/texmf-dist/tex/latex/amsmath/amstext.sty
Package: amstext 2024/11/17 v2.01 AMS text

(/usr/local/texlive/2026basic/texmf-dist/tex/latex/amsmath/amsgen.sty
File: amsgen.sty 1999/11/30 v2.0 generic functions
\@emptytoks=\toks19
\ex@=\dimen148
)
LaTeX Info: Redefining \text on input line 28.
)
(/usr/local/texlive/2026basic/texmf-dist/tex/latex/amsmath/amsbsy.sty
Package: amsbsy 1999/11/29 v1.2d Bold Symbols
\pmbraise@=\dimen149
)
(/usr/local/texlive/2026basic/texmf-dist/tex/latex/amsmath/amsopn.sty
Package: amsopn 2022/04/08 v2.04 operator names
)
\inf@bad=\count291
LaTeX Info: Redefining \frac on input line 233.
\uproot@=\count292
\leftroot@=\count293
LaTeX Info: Redefining \overline on input line 398.
LaTeX Info: Redefining \colon on input line 409.
\classnum@=\count294
\DOTSCASE@=\count295
LaTeX Info: Redefining \ldots on input line 495.
LaTeX Info: Redefining \dots on input line 498.
LaTeX Info: Redefining \cdots on input line 619.
\Mathstrutbox@=\box68
\strutbox@=\box69
LaTeX Info: Redefining \big on input line 721.
LaTeX Info: Redefining \Big on input line 722.
LaTeX Info: Redefining \bigg on input line 723.
LaTeX Info: Redefining \Bigg on input line 724.
\big@size=\dimen150
LaTeX Font Info:    Redeclaring font encoding OML on input line 742.
LaTeX Font Info:    Redeclaring font encoding OMS on input line 743.
\macc@depth=\count296
LaTeX Info: Redefining \bmod on input line 904.
LaTeX Info: Redefining \pmod on input line 909.
LaTeX Info: Redefining \smash on input line 939.
LaTeX Info: Redefining \relbar on input line 969.
LaTeX Info: Redefining \Relbar on input line 970.
\c@MaxMatrixCols=\count297
\dotsspace@=\muskip18
\c@parentequation=\count298
\dspbrk@lvl=\count299
\tag@help=\toks20
\row@=\count300
\column@=\count301
\maxfields@=\count302
\andhelp@=\toks21
\eqnshift@=\dimen151
\alignsep@=\dimen152
\tagshift@=\dimen153
\tagwidth@=\dimen154
\totwidth@=\dimen155
\lineht@=\dimen156
\@envbody=\toks22
\multlinegap=\skip54
\multlinetaggap=\skip55
\mathdisplay@stack=\toks23
LaTeX Info: Redefining \[ on input line 2950.
LaTeX Info: Redefining \] on input line 2951.
)
(/usr/local/texlive/2026basic/texmf-dist/tex/latex/amsfonts/amssymb.sty
Package: amssymb 2013/01/14 v3.01 AMS font symbols

(/usr/local/texlive/2026basic/texmf-dist/tex/latex/amsfonts/amsfonts.sty
Package: amsfonts 2013/01/14 v3.01 Basic AMSFonts support
\symAMSa=\mathgroup4
\symAMSb=\mathgroup5
LaTeX Font Info:    Redeclaring math symbol \hbar on input line 98.
LaTeX Font Info:    Overwriting math alphabet `\mathfrak' in version `bold'
(Font)                  U/euf/m/n --> U/euf/b/n on input line 106.
LaTeX Info: Redefining \frak on input line 111.
LaTeX Info: Redefining \Bbb on input line 113.
))
(/usr/local/texlive/2026basic/texmf-dist/tex/latex/amscls/amsthm.sty
Package: amsthm 2020/05/29 v2.20.6
\thm@style=\toks24
\thm@bodyfont=\toks25
\thm@headfont=\toks26
\thm@notefont=\toks27
\thm@headpunct=\toks28
\thm@preskip=\skip56
\thm@postskip=\skip57
\thm@headsep=\skip58
\dth@everypar=\toks29
)
(/usr/local/texlive/2026basic/texmf-dist/tex/latex/mathtools/mathtools.sty
Package: mathtools 2024/10/04 v1.31 mathematical typesetting tools

(/usr/local/texlive/2026basic/texmf-dist/tex/latex/graphics/keyval.sty
Package: keyval 2022/05/29 v1.15 key=value parser (DPC)
\KV@toks@=\toks30
)
(/usr/local/texlive/2026basic/texmf-dist/tex/latex/tools/calc.sty
Package: calc 2025/03/01 v4.3b Infix arithmetic (KKT,FJ)
\calc@Acount=\count303
\calc@Bcount=\count304
\calc@Adimen=\dimen157
\calc@Bdimen=\dimen158
\calc@Askip=\skip59
\calc@Bskip=\skip60
LaTeX Info: Redefining \setlength on input line 86.
LaTeX Info: Redefining \addtolength on input line 87.
\calc@Ccount=\count305
\calc@Cskip=\skip61
)
(/usr/local/texlive/2026basic/texmf-dist/tex/latex/mathtools/mhsetup.sty
Package: mhsetup 2021/03/18 v1.4 programming setup (MH)
)
\g_MT_multlinerow_int=\count306
\l_MT_multwidth_dim=\dimen159
\origjot=\skip62
\l_MT_shortvdotswithinadjustabove_dim=\dimen160
\l_MT_shortvdotswithinadjustbelow_dim=\dimen161
\l_MT_above_intertext_sep=\dimen162
\l_MT_below_intertext_sep=\dimen163
\l_MT_above_shortintertext_sep=\dimen164
\l_MT_below_shortintertext_sep=\dimen165
\xmathstrut@box=\box70
\xmathstrut@dim=\dimen166
)
(/usr/local/texlive/2026basic/texmf-dist/tex/latex/physics/physics.sty
Package: physics 

(/usr/local/texlive/2026basic/texmf-dist/tex/latex/l3packages/xparse/xparse.sty
(/usr/local/texlive/2026basic/texmf-dist/tex/latex/l3kernel/expl3.sty
Package: expl3 2026-01-19 L3 programming layer (loader) 

(/usr/local/texlive/2026basic/texmf-dist/tex/latex/l3backend/l3backend-pdftex.d
ef
File: l3backend-pdftex.def 2025-10-09 L3 backend support: PDF output (pdfTeX)
\l__color_backend_stack_int=\count307
))
Package: xparse 2025-10-09 L3 Experimental document command parser
)) (/usr/local/texlive/2026basic/texmf-dist/tex/latex/hyperref/hyperref.sty
Package: hyperref 2026-01-29 v7.01p Hypertext links for LaTeX
(/usr/local/texlive/2026basic/texmf-dist/tex/generic/iftex/iftex.sty
Package: iftex 2024/12/12 v1.0g TeX engine tests
)
(/usr/local/texlive/2026basic/texmf-dist/tex/latex/kvsetkeys/kvsetkeys.sty
Package: kvsetkeys 2022-10-05 v1.19 Key value parser (HO)
)
(/usr/local/texlive/2026basic/texmf-dist/tex/generic/kvdefinekeys/kvdefinekeys.
sty
Package: kvdefinekeys 2019-12-19 v1.6 Define keys (HO)
)
(/usr/local/texlive/2026basic/texmf-dist/tex/generic/pdfescape/pdfescape.sty
Package: pdfescape 2019/12/09 v1.15 Implements pdfTeX's escape features (HO)

(/usr/local/texlive/2026basic/texmf-dist/tex/generic/ltxcmds/ltxcmds.sty
Package: ltxcmds 2023-12-04 v1.26 LaTeX kernel commands for general use (HO)
)
(/usr/local/texlive/2026basic/texmf-dist/tex/generic/pdftexcmds/pdftexcmds.sty
Package: pdftexcmds 2020-06-27 v0.33 Utility functions of pdfTeX for LuaTeX (HO
)

(/usr/local/texlive/2026basic/texmf-dist/tex/generic/infwarerr/infwarerr.sty
Package: infwarerr 2019/12/03 v1.5 Providing info/warning/error messages (HO)
)
Package pdftexcmds Info: \pdf@primitive is available.
Package pdftexcmds Info: \pdf@ifprimitive is available.
Package pdftexcmds Info: \pdfdraftmode found.
)) (/usr/local/texlive/2026basic/texmf-dist/tex/latex/hycolor/hycolor.sty
Package: hycolor 2020-01-27 v1.10 Color options for hyperref/bookmark (HO)
)
(/usr/local/texlive/2026basic/texmf-dist/tex/latex/hyperref/nameref.sty
Package: nameref 2026-01-29 v2.58 Cross-referencing by name of section

(/usr/local/texlive/2026basic/texmf-dist/tex/latex/refcount/refcount.sty
Package: refcount 2019/12/15 v3.6 Data extraction from label references (HO)
)
(/usr/local/texlive/2026basic/texmf-dist/tex/generic/gettitlestring/gettitlestr
ing.sty
Package: gettitlestring 2019/12/15 v1.6 Cleanup title references (HO)

(/usr/local/texlive/2026basic/texmf-dist/tex/latex/kvoptions/kvoptions.sty
Package: kvoptions 2022-06-15 v3.15 Key value format for package options (HO)
))

Package nameref Warning: The definition of \label has changed! 
(nameref)                Check your packages! 
(nameref)                Replacing it with the kernel definition on input line 
161.

\c@section@level=\count308
) (/usr/local/texlive/2026basic/texmf-dist/tex/latex/etoolbox/etoolbox.sty
Package: etoolbox 2025/10/02 v2.5m e-TeX tools for LaTeX (JAW)
\etb@tempcnta=\count309
)
(/usr/local/texlive/2026basic/texmf-dist/tex/generic/stringenc/stringenc.sty
Package: stringenc 2019/11/29 v1.12 Convert strings between diff. encodings (HO
)
)
\@linkdim=\dimen167
\Hy@linkcounter=\count310
\Hy@pagecounter=\count311

(/usr/local/texlive/2026basic/texmf-dist/tex/latex/hyperref/pd1enc.def
File: pd1enc.def 2026-01-29 v7.01p Hyperref: PDFDocEncoding definition (HO)
Now handling font encoding PD1 ...
... no UTF-8 mapping file for font encoding PD1
)
(/usr/local/texlive/2026basic/texmf-dist/tex/generic/intcalc/intcalc.sty
Package: intcalc 2019/12/15 v1.3 Expandable calculations with integers (HO)
)
\Hy@SavedSpaceFactor=\count312

(/usr/local/texlive/2026basic/texmf-dist/tex/latex/hyperref/puenc.def
File: puenc.def 2026-01-29 v7.01p Hyperref: PDF Unicode definition (HO)
Now handling font encoding PU ...
... no UTF-8 mapping file for font encoding PU
)
Package hyperref Info: Option `colorlinks' set `true' on input line 4072.
Package hyperref Info: Hyper figures OFF on input line 4201.
Package hyperref Info: Link nesting OFF on input line 4206.
Package hyperref Info: Hyper index ON on input line 4209.
Package hyperref Info: Plain pages OFF on input line 4216.
Package hyperref Info: Backreferencing OFF on input line 4221.
Package hyperref Info: Implicit mode ON; LaTeX internals redefined.
Package hyperref Info: Bookmarks ON on input line 4468.
LaTeX Info: Redefining \href on input line 4718.
\c@Hy@tempcnt=\count313
LaTeX Info: Redefining \url on input line 4807.
\XeTeXLinkMargin=\dimen168

(/usr/local/texlive/2026basic/texmf-dist/tex/generic/bitset/bitset.sty
Package: bitset 2019/12/09 v1.3 Handle bit-vector datatype (HO)

(/usr/local/texlive/2026basic/texmf-dist/tex/generic/bigintcalc/bigintcalc.sty
Package: bigintcalc 2019/12/15 v1.5 Expandable calculations on big integers (HO
)
))
\Fld@menulength=\count314
\Field@Width=\dimen169
\Fld@charsize=\dimen170
Package hyperref Info: Hyper figures OFF on input line 6084.
Package hyperref Info: Link nesting OFF on input line 6089.
Package hyperref Info: Hyper index ON on input line 6092.
Package hyperref Info: backreferencing OFF on input line 6099.
Package hyperref Info: Link coloring ON on input line 6102.
Package hyperref Info: Link coloring with OCG OFF on input line 6109.
Package hyperref Info: PDF/A mode OFF on input line 6114.
\Hy@abspage=\count315
\c@Item=\count316
\c@Hfootnote=\count317
)
Package hyperref Info: Driver (autodetected): hpdftex.
 (/usr/local/texlive/2026basic/texmf-dist/tex/latex/hyperref/hpdftex.def
File: hpdftex.def 2026-01-29 v7.01p Hyperref driver for pdfTeX
\Fld@listcount=\count318
\c@bookmark@seq@number=\count319

(/usr/local/texlive/2026basic/texmf-dist/tex/latex/rerunfilecheck/rerunfilechec
k.sty
Package: rerunfilecheck 2025-06-21 v1.11 Rerun checks for auxiliary files (HO)

(/usr/local/texlive/2026basic/texmf-dist/tex/generic/uniquecounter/uniquecounte
r.sty
Package: uniquecounter 2019/12/15 v1.4 Provide unlimited unique counter (HO)
)
Package uniquecounter Info: New unique counter `rerunfilecheck' on input line 2
84.
)
\Hy@SectionHShift=\skip63
) (/usr/local/texlive/2026basic/texmf-dist/tex/latex/xcolor/xcolor.sty
Package: xcolor 2024/09/29 v3.02 LaTeX color extensions (UK)

(/usr/local/texlive/2026basic/texmf-dist/tex/latex/graphics-cfg/color.cfg
File: color.cfg 2016/01/02 v1.6 sample color configuration
)
Package xcolor Info: Driver file: pdftex.def on input line 274.

(/usr/local/texlive/2026basic/texmf-dist/tex/latex/graphics-def/pdftex.def
File: pdftex.def 2025/09/29 v1.2d Graphics/color driver for pdftex
)
(/usr/local/texlive/2026basic/texmf-dist/tex/latex/graphics/mathcolor.ltx)
Package xcolor Info: Model `cmy' substituted by `cmy0' on input line 1349.
Package xcolor Info: Model `hsb' substituted by `rgb' on input line 1353.
Package xcolor Info: Model `RGB' extended on input line 1365.
Package xcolor Info: Model `HTML' substituted by `rgb' on input line 1367.
Package xcolor Info: Model `Hsb' substituted by `hsb' on input line 1368.
Package xcolor Info: Model `tHsb' substituted by `hsb' on input line 1369.
Package xcolor Info: Model `HSB' substituted by `hsb' on input line 1370.
Package xcolor Info: Model `Gray' substituted by `gray' on input line 1371.
Package xcolor Info: Model `wave' substituted by `hsb' on input line 1372.
)
(/usr/local/texlive/2026basic/texmf-dist/tex/latex/booktabs/booktabs.sty
Package: booktabs 2020/01/12 v1.61803398 Publication quality tables
\heavyrulewidth=\dimen171
\lightrulewidth=\dimen172
\cmidrulewidth=\dimen173
\belowrulesep=\dimen174
\belowbottomsep=\dimen175
\aboverulesep=\dimen176
\abovetopsep=\dimen177
\cmidrulesep=\dimen178
\cmidrulekern=\dimen179
\defaultaddspace=\dimen180
\@cmidla=\count320
\@cmidlb=\count321
\@aboverulesep=\dimen181
\@belowrulesep=\dimen182
\@thisruleclass=\count322
\@lastruleclass=\count323
\@thisrulewidth=\dimen183
)
(/usr/local/texlive/2026basic/texmf-dist/tex/latex/float/float.sty
Package: float 2001/11/08 v1.3d Float enhancements (AL)
\c@float@type=\count324
\float@exts=\toks31
\float@box=\box71
\@float@everytoks=\toks32
\@floatcapt=\box72
)
(/usr/local/texlive/2026basic/texmf-dist/tex/latex/graphics/graphicx.sty
Package: graphicx 2024/12/31 v1.2e Enhanced LaTeX Graphics (DPC,SPQR)

(/usr/local/texlive/2026basic/texmf-dist/tex/latex/graphics/graphics.sty
Package: graphics 2024/08/06 v1.4g Standard LaTeX Graphics (DPC,SPQR)

(/usr/local/texlive/2026basic/texmf-dist/tex/latex/graphics/trig.sty
Package: trig 2023/12/02 v1.11 sin cos tan (DPC)
)
(/usr/local/texlive/2026basic/texmf-dist/tex/latex/graphics-cfg/graphics.cfg
File: graphics.cfg 2016/06/04 v1.11 sample graphics configuration
)
Package graphics Info: Driver file: pdftex.def on input line 106.
)
\Gin@req@height=\dimen184
\Gin@req@width=\dimen185
) (/usr/local/texlive/2026basic/texmf-dist/tex/latex/tools/bm.sty
Package: bm 2025/10/21 v1.2g Bold Symbol Support (DPC/FMi)
\symboldoperators=\mathgroup6
\symboldletters=\mathgroup7
\symboldsymbols=\mathgroup8
Package bm Info: No bold for \OMX/cmex/m/n, using \pmb.
Package bm Info: No bold for \U/msa/m/n, using \pmb.
Package bm Info: No bold for \U/msb/m/n, using \pmb.
LaTeX Font Info:    Redeclaring math alphabet \mathbf on input line 149.
LaTeX Info: Redefining \bm on input line 219.
)
\c@theorem=\count325
Class revtex4-2 Info: Unrecognized LaTeX tabular. Please update this document c
lass! (Proceeding with fingers crossed.) on input line 37.


Class revtex4-2 Warning: Repair the float package.

Class revtex4-2 Info: cite was not loaded (OK!) on input line 37.
Class revtex4-2 Info: mcite was not loaded (OK!) on input line 37.
Class revtex4-2 Info: multicol was not loaded (OK!) on input line 37.
(./main.aux)
\openout1 = `main.aux'.

LaTeX Font Info:    Checking defaults for OML/cmm/m/it on input line 37.
LaTeX Font Info:    ... okay on input line 37.
LaTeX Font Info:    Checking defaults for OMS/cmsy/m/n on input line 37.
LaTeX Font Info:    ... okay on input line 37.
LaTeX Font Info:    Checking defaults for OT1/cmr/m/n on input line 37.
LaTeX Font Info:    ... okay on input line 37.
LaTeX Font Info:    Checking defaults for T1/cmr/m/n on input line 37.
LaTeX Font Info:    ... okay on input line 37.
LaTeX Font Info:    Checking defaults for TS1/cmr/m/n on input line 37.
LaTeX Font Info:    ... okay on input line 37.
LaTeX Font Info:    Checking defaults for OMX/cmex/m/n on input line 37.
LaTeX Font Info:    ... okay on input line 37.
LaTeX Font Info:    Checking defaults for U/cmr/m/n on input line 37.
LaTeX Font Info:    ... okay on input line 37.
LaTeX Font Info:    Checking defaults for PD1/pdf/m/n on input line 37.
LaTeX Font Info:    ... okay on input line 37.
LaTeX Font Info:    Checking defaults for PU/pdf/m/n on input line 37.
LaTeX Font Info:    ... okay on input line 37.
Package hyperref Info: Link coloring ON on input line 37.
 (./main.out) (./main.out)
\@outlinefile=\write4
\openout4 = `main.out'.


(/usr/local/texlive/2026basic/texmf-dist/tex/context/base/mkii/supp-pdf.mkii
[Loading MPS to PDF converter (version 2006.09.02).]
\scratchcounter=\count326
\scratchdimen=\dimen186
\scratchbox=\box73
\nofMPsegments=\count327
\nofMParguments=\count328
\everyMPshowfont=\toks33
\MPscratchCnt=\count329
\MPscratchDim=\dimen187
\MPnumerator=\count330
\makeMPintoPDFobject=\count331
\everyMPtoPDFconversion=\toks34
)
(/usr/local/texlive/2026basic/texmf-dist/tex/latex/epstopdf-pkg/epstopdf-base.s
ty
Package: epstopdf-base 2020-01-24 v2.11 Base part for package epstopdf
Package epstopdf-base Info: Redefining graphics rule for `.eps' on input line 4
85.

(/usr/local/texlive/2026basic/texmf-dist/tex/latex/latexconfig/epstopdf-sys.cfg
File: epstopdf-sys.cfg 2010/07/13 v1.3 Configuration of (r)epstopdf for TeX Liv
e
))
Class revtex4-2 Info: Taking \maketitle back from hyperref on input line 37.
\openout3 = `mainNotes.bib'.

LaTeX Font Info:    Trying to load font information for U+msa on input line 51.

 (/usr/local/texlive/2026basic/texmf-dist/tex/latex/amsfonts/umsa.fd
File: umsa.fd 2013/01/14 v3.01 AMS symbols A
)
LaTeX Font Info:    Trying to load font information for U+msb on input line 51.


(/usr/local/texlive/2026basic/texmf-dist/tex/latex/amsfonts/umsb.fd
File: umsb.fd 2013/01/14 v3.01 AMS symbols B
) [1{/usr/local/texlive/2026basic/texmf-var/fonts/map/pdftex/updmap/pdftex.map}
] [2]
[3] [4] (./main.toc [5] [6] [7] [8] [9] [10] [11] [12] [13] [14] [15] [16]
[17] [18] [19] [20] [21] [22] [23] [24] [25] [26] [27])
\tf@toc=\write5
\openout5 = `main.toc'.

 [28] [29] [30] [31]
[32{/usr/local/texlive/2026basic/texmf-dist/fonts/enc/dvips/cm-super/cm-super-t
s1.enc}] [33] [34] [35] [36] [37] [38] [39] [40] [41] [42] [43] [44]

Package hyperref Warning: Token not allowed in a PDF string (Unicode):
(hyperref)                removing `math shift' on input line 449.


Package hyperref Warning: Token not allowed in a PDF string (Unicode):
(hyperref)                removing `\to' on input line 449.


Package hyperref Warning: Token not allowed in a PDF string (Unicode):
(hyperref)                removing `math shift' on input line 449.

[45] [46]
Overfull \hbox (6.42023pt too wide) in paragraph at lines 489--490
[]\OT1/cmr/m/n/12 The time evo-lu-tion of the su-per-po-si-tion --- the ro-ta-t
ion of am-pli-tudes un-der the Schr^^?odinger
 []


Overfull \hbox (1.8597pt too wide) in paragraph at lines 489--490
\OMS/cmsy/m/n/12 ^^@\OML/cmm/m/it/12 E=\U/msb/m/n/12 ~$ \OT1/cmr/m/n/12 (Sec-ti
on 2.4). Noth-ing mys-te-ri-ous hap-pens dur-ing this evo-lu-tion. The five-dim
ensional
 []

[47]

Package hyperref Warning: Token not allowed in a PDF string (Unicode):
(hyperref)                removing `math shift' on input line 502.


Package hyperref Warning: Token not allowed in a PDF string (Unicode):
(hyperref)                removing `\to' on input line 502.


Package hyperref Warning: Token not allowed in a PDF string (Unicode):
(hyperref)                removing `math shift' on input line 502.

[48] [49]

Package hyperref Warning: Token not allowed in a PDF string (Unicode):
(hyperref)                removing `math shift' on input line 563.


Package hyperref Warning: Token not allowed in a PDF string (Unicode):
(hyperref)                removing `\to' on input line 563.


Package hyperref Warning: Token not allowed in a PDF string (Unicode):
(hyperref)                removing `math shift' on input line 563.


Package hyperref Warning: Token not allowed in a PDF string (Unicode):
(hyperref)                removing `math shift' on input line 563.


Package hyperref Warning: Token not allowed in a PDF string (Unicode):
(hyperref)                removing `\to' on input line 563.


Package hyperref Warning: Token not allowed in a PDF string (Unicode):
(hyperref)                removing `math shift' on input line 563.

[50] [51] [52]

Package hyperref Warning: Token not allowed in a PDF string (Unicode):
(hyperref)                removing `math shift' on input line 627.


Package hyperref Warning: Token not allowed in a PDF string (Unicode):
(hyperref)                removing `\to' on input line 627.


Package hyperref Warning: Token not allowed in a PDF string (Unicode):
(hyperref)                removing `math shift' on input line 627.

[53] [54]
LaTeX Font Info:    Font shape `OT1/cmtt/bx/n' in size <12> not available
(Font)              Font shape `OT1/cmtt/m/n' tried instead on input line 663.


LaTeX Font Warning: Font shape `TS1/cmtt/bx/n' undefined
(Font)              using `TS1/cmtt/m/n' instead
(Font)              for symbol `textonehalf' on input line 663.


Package hyperref Warning: Token not allowed in a PDF string (Unicode):
(hyperref)                removing `math shift' on input line 669.


Package hyperref Warning: Token not allowed in a PDF string (Unicode):
(hyperref)                removing `\to' on input line 669.


Package hyperref Warning: Token not allowed in a PDF string (Unicode):
(hyperref)                removing `math shift' on input line 669.

[55] [56] [57]
Underfull \hbox (badness 10000) in paragraph at lines 726--747

 []

[58] [59] [60] [61] [62] [63] [64]
Underfull \hbox (badness 10000) in paragraph at lines 894--904

 []

[65] [66] [67] [68] [69] [70] [71] [72]
Underfull \hbox (badness 10000) in paragraph at lines 1108--1108
[]\OT1/cmr/bx/n/10.95 Feynman's "fresh-man
 []


Underfull \hbox (badness 2809) in paragraph at lines 1109--1110
[]\OT1/cmr/m/n/10.95 Immediate ge-o-met-ric corol-
 []


Underfull \hbox (badness 10000) in paragraph at lines 1101--1113

 []

[73] [74] [75] [76]
Underfull \hbox (badness 10000) in paragraph at lines 1207--1208
[]\OT1/cmr/m/n/10.95 Symmetric, Bose-
 []


Underfull \hbox (badness 10000) in paragraph at lines 1208--1208
[]\OT1/cmr/m/n/10.95 Half-integer ($\OMS/cmsy/m/n/10.95 ^^F$\TS1/cmtt/m/n/10.95
 ˝\OT1/cmr/m/n/10.95 ,
 []


Underfull \hbox (badness 10000) in paragraph at lines 1204--1213

 []

[77] [78] [79]
Overfull \hbox (5.92453pt too wide) in paragraph at lines 1270--1271
[]\OT1/cmr/m/n/12 This is not merely an anal-ogy. The 5D Einstein-Hilbert ac-ti
on on the e-bundle $\OML/cmm/m/it/12 P\OT1/cmr/m/n/12 (\OML/cmm/m/it/12 M[]; U\
OT1/cmr/m/n/12 (1))$
 []

[80]
Underfull \hbox (badness 10000) in paragraph at lines 1295--1295
[]\OT1/cmr/m/n/10.95 Primary phe-nomenon ex-
 []


Underfull \hbox (badness 10000) in paragraph at lines 1291--1301

 []

[81] [82] [83] [84] [85] [86] [87] [88] [89] [90] [91] [92] [93] [94] [95]
[96] [97] [98] [99] [100] [101] [102] [103] [104] [105] [106] [107] [108]
[109] [110] [111] [112] [113] [114] [115] [116] [117]
Underfull \hbox (badness 10000) in paragraph at lines 1984--1996

 []

[118]
Underfull \hbox (badness 10000) in paragraph at lines 2033--2043

 []

[119]
Underfull \hbox (badness 10000) in paragraph at lines 2051--2063

 []

LaTeX Font Info:    Font shape `OT1/cmtt/bx/n' in size <10.95> not available
(Font)              Font shape `OT1/cmtt/m/n' tried instead on input line 2074.


Underfull \hbox (badness 10000) in paragraph at lines 2071--2082

 []

[120]
Underfull \hbox (badness 10000) in paragraph at lines 2090--2098

 []


Underfull \hbox (badness 6461) in paragraph at lines 2112--2113
[]\OT1/cmr/m/n/10.95 Rotation in \OT1/cmtt/m/n/10.95 (x,y,z) \OT1/cmr/m/n/10.95
 space and/or e-
 []


Underfull \hbox (badness 10000) in paragraph at lines 2108--2117

 []

[121]
Underfull \hbox (badness 10000) in paragraph at lines 2131--2132
[]\OT1/cmr/m/n/10.95 Must have dif-fer-ent
 []


Underfull \hbox (badness 10000) in paragraph at lines 2125--2135

 []


Underfull \hbox (badness 10000) in paragraph at lines 2146--2147
[]\OT1/cmr/m/n/10.95 Distribution of pos-si-ble 5D struc-tures
 []


Underfull \hbox (badness 10000) in paragraph at lines 2143--2152

 []

[122]
Underfull \hbox (badness 10000) in paragraph at lines 2162--2172

 []


Underfull \hbox (badness 10000) in paragraph at lines 2183--2184
[]\OT1/cmr/m/n/10.95 Rate of ad-vance in e-
 []


Underfull \hbox (badness 10000) in paragraph at lines 2184--2185
[]\OT1/cmr/m/n/10.95 Rate of ro-ta-tion in e-
 []


Underfull \hbox (badness 2269) in paragraph at lines 2185--2186
[]\OT1/cmr/m/n/10.95 Rotation in spa-tial di-men-
 []


Underfull \hbox (badness 10000) in paragraph at lines 2180--2189

 []

[123]
Underfull \hbox (badness 10000) in paragraph at lines 2197--2207

 []

[124]
Underfull \hbox (badness 10000) in paragraph at lines 2227--2228
[]\OT1/cmr/m/n/10.95 Physical con-se-
 []

LaTeX Font Info:    Trying to load font information for OMS+cmtt on input line 
2229.
LaTeX Font Info:    No file OMScmtt.fd. on input line 2229.

LaTeX Font Warning: Font shape `OMS/cmtt/m/n' undefined
(Font)              using `OMS/cmsy/m/n' instead
(Font)              for symbol `textbraceleft' on input line 2229.


Underfull \hbox (badness 10000) in paragraph at lines 2231--2232
[]\OT1/cmr/m/n/10.95 Two op-tions:
 []


Underfull \hbox (badness 10000) in paragraph at lines 2232--2233
[]\OT1/cmr/m/n/10.95 Two op-tions:
 []


Underfull \hbox (badness 10000) in paragraph at lines 2226--2235

 []

[125] [126] [127]

Package hyperref Warning: Token not allowed in a PDF string (Unicode):
(hyperref)                removing `math shift' on input line 2335.


Package hyperref Warning: Token not allowed in a PDF string (Unicode):
(hyperref)                removing `math shift' on input line 2335.

[128] [129] [130]
Underfull \hbox (badness 10000) in paragraph at lines 2448--2449
[]\OT1/cmr/m/n/10.95 Bose-Fermi equiv-a-lence
 []


Underfull \hbox (badness 10000) in paragraph at lines 2445--2453

 []

[131]
Underfull \hbox (badness 3492) in paragraph at lines 2470--2470
[]\OT1/cmr/m/n/10.95 Allowed wind-ing
 []


Underfull \hbox (badness 10000) in paragraph at lines 2470--2471
[]\OT1/cmr/m/n/10.95 Physical ex-am-
 []


Underfull \hbox (badness 10000) in paragraph at lines 2472--2473
[]\OT1/cmr/m/n/10.95 1D quan-tum
 []


Underfull \hbox (badness 4819) in paragraph at lines 2473--2474
[]\OT1/cmr/m/n/10.95 FQH quasi-par-ti-
 []


Underfull \hbox (badness 10000) in paragraph at lines 2469--2477

 []

[132] [133] [134] [135]
Underfull \hbox (badness 10000) in paragraph at lines 2604--2614

 []

[136]
Underfull \hbox (badness 4441) in paragraph at lines 2650--2651
[]\OT1/cmr/m/n/10.95 Rotation-e cou-pling (Berry
 []


Underfull \hbox (badness 4954) in paragraph at lines 2651--2651
[]\OT1/cmr/m/n/10.95 External topo-log-i-cal de-fect
 []


Underfull \hbox (badness 10000) in paragraph at lines 2651--2652
[]\OT1/cmr/m/n/10.95 Intrinsic par-ti-cle struc-ture
 []


Underfull \hbox (badness 10000) in paragraph at lines 2646--2657

 []

[137] [138] [139] [140] [141] [142] [143] [144] [145] [146] [147] [148]
[149] [150] [151] [152] [153] [154] [155] [156]
Underfull \hbox (badness 10000) in paragraph at lines 3422--3422
[]\OT1/cmr/m/n/10.95 Quantum me-chan-ics
 []


Underfull \hbox (badness 10000) in paragraph at lines 3417--3426

 []

[157] [158]
Overfull \hbox (1.24156pt too wide) in paragraph at lines 3493--3494
[]\OT1/cmr/bx/n/12 Provides the ge-o-met-ric mech-a-nism. \OT1/cmr/m/n/12 The c
or-re-la-tions arise from the e-conservation
 []

[159] [160] [161] [162] [163]
Overfull \hbox (8.04228pt too wide) in paragraph at lines 3685--3686
 []\OT1/cmr/m/it/12 a. The La-grangian[] \OT1/cmr/m/n/12 For an elec-tron of ma
ss \OT1/cmtt/m/n/12 m \OT1/cmr/m/n/12 and charge \OT1/cmtt/m/n/12 e \OT1/cmr/m/
n/12 on the to-tal space $\OML/cmm/m/it/12 P\OT1/cmr/m/n/12 (\OML/cmm/m/it/12 M
[]; U\OT1/cmr/m/n/12 (1))$
 []

[164] [165] [166] [167]
Overfull \hbox (24.15724pt too wide) in paragraph at lines 3909--3910
 []\OT1/cmr/m/it/12 b. Sep-a-ra-tion of Spa-tial and E-Sectors[] \OT1/cmr/m/n/1
2 The ac-tion sep-a-rates into spa-tial and e-contributions: 
 []

[168] [169]
Underfull \hbox (badness 1389) in paragraph at lines 3977--3977
[]\OT1/cmr/m/n/10.95 "The po-ten-tial is phys-i-cal"
 []


Underfull \hbox (badness 10000) in paragraph at lines 3977--3978
[]\OT1/cmr/m/n/10.95 Holonomy of e-connection
 []


Underfull \hbox (badness 10000) in paragraph at lines 3978--3979
[]\OT1/cmr/m/n/10.95 Locally flat but glob-ally
 []


Underfull \hbox (badness 10000) in paragraph at lines 3973--3984

 []

[170] [171] [172] [173]

Package hyperref Warning: Token not allowed in a PDF string (Unicode):
(hyperref)                removing `math shift' on input line 4110.


Package hyperref Warning: Token not allowed in a PDF string (Unicode):
(hyperref)                removing `\delta' on input line 4110.


Package hyperref Warning: Token not allowed in a PDF string (Unicode):
(hyperref)                removing `\delta' on input line 4110.


Package hyperref Warning: Token not allowed in a PDF string (Unicode):
(hyperref)                removing `superscript' on input line 4110.


Package hyperref Warning: Token not allowed in a PDF string (Unicode):
(hyperref)                removing `math shift' on input line 4110.

[174]

Package hyperref Warning: Token not allowed in a PDF string (Unicode):
(hyperref)                removing `math shift' on input line 4143.


Package hyperref Warning: Token not allowed in a PDF string (Unicode):
(hyperref)                removing `\delta' on input line 4143.


Package hyperref Warning: Token not allowed in a PDF string (Unicode):
(hyperref)                removing `\delta' on input line 4143.


Package hyperref Warning: Token not allowed in a PDF string (Unicode):
(hyperref)                removing `superscript' on input line 4143.


Package hyperref Warning: Token not allowed in a PDF string (Unicode):
(hyperref)                removing `math shift' on input line 4143.


Package hyperref Warning: Token not allowed in a PDF string (Unicode):
(hyperref)                removing `math shift' on input line 4154.


Package hyperref Warning: Token not allowed in a PDF string (Unicode):
(hyperref)                removing `\delta' on input line 4154.


Package hyperref Warning: Token not allowed in a PDF string (Unicode):
(hyperref)                removing `\delta' on input line 4154.


Package hyperref Warning: Token not allowed in a PDF string (Unicode):
(hyperref)                removing `\varphi' on input line 4154.


Package hyperref Warning: Token not allowed in a PDF string (Unicode):
(hyperref)                removing `math shift' on input line 4154.

[175] [176] [177] [178] [179] [180]
Underfull \hbox (badness 10000) in paragraph at lines 4373--4382

 []

[181]
Underfull \hbox (badness 2941) in paragraph at lines 4407--4408
[]\OT1/cmr/m/n/10.95 The 4D pro-jec-tion of the
 []


Underfull \hbox (badness 5359) in paragraph at lines 4408--4409
\OT1/cmr/m/n/10.95 cor-rect $\OML/cmm/m/it/10.95 d^^\=dt \OT1/cmr/m/n/10.95 = [
](1 \OMS/cmtt/m/n/10.95 ^^@
 []


Underfull \hbox (badness 10000) in paragraph at lines 4404--4412

 []

[182] [183]
Underfull \hbox (badness 3460) in paragraph at lines 4459--4459
[]\OT1/cmr/m/n/10.95 E-angular mo-men-tum (Ap-
 []


Underfull \hbox (badness 10000) in paragraph at lines 4460--4460
[]\OT1/cmr/m/n/10.95 E-density sam-pling (Ap-
 []


Underfull \hbox (badness 3428) in paragraph at lines 4461--4461
[]\OT1/cmr/m/n/10.95 E-fiber in-ter-ac-tion (Sec-tion
 []


Underfull \hbox (badness 10000) in paragraph at lines 4453--4464

 []


Underfull \hbox (badness 10000) in paragraph at lines 4471--4480

 []

[184] [185] [186] [187] [188] [189] [190] [191] [192]

Package hyperref Warning: Token not allowed in a PDF string (Unicode):
(hyperref)                removing `math shift' on input line 4768.


Package hyperref Warning: Token not allowed in a PDF string (Unicode):
(hyperref)                removing `superscript' on input line 4768.


Package hyperref Warning: Token not allowed in a PDF string (Unicode):
(hyperref)                removing `\times' on input line 4768.


Package hyperref Warning: Token not allowed in a PDF string (Unicode):
(hyperref)                removing `superscript' on input line 4768.


Package hyperref Warning: Token not allowed in a PDF string (Unicode):
(hyperref)                removing `math shift' on input line 4768.

[193]
Underfull \hbox (badness 10000) in paragraph at lines 4817--4825

 []

[194] [195] [196]

Package hyperref Warning: Token not allowed in a PDF string (Unicode):
(hyperref)                removing `math shift' on input line 4923.


Package hyperref Warning: Token not allowed in a PDF string (Unicode):
(hyperref)                removing `subscript' on input line 4923.


Package hyperref Warning: Token not allowed in a PDF string (Unicode):
(hyperref)                removing `math shift' on input line 4923.

[197] [198] [199] [200] [201]
Underfull \hbox (badness 10000) in paragraph at lines 5150--5150
[]\OT1/cmr/m/n/10.95 Non-renormalizable
 []


Underfull \hbox (badness 1629) in paragraph at lines 5151--5151
[]\OT1/cmr/m/n/10.95 One-loop fi-nite (zeta
 []


Underfull \hbox (badness 4518) in paragraph at lines 5153--5153
[]\OT1/cmr/m/n/10.95 Extended ob-jects +
 []


Underfull \hbox (badness 10000) in paragraph at lines 5155--5155
[]\OT1/cmr/m/n/10.95 Finite (non-
 []


Underfull \hbox (badness 3138) in paragraph at lines 5155--5156
[]\OT1/cmr/m/n/10.95 Evidence from func-
 []


Underfull \hbox (badness 10000) in paragraph at lines 5147--5158

 []

[202] [203] [204] [205] [206] [207] [208] [209]
Underfull \hbox (badness 10000) in paragraph at lines 5453--5463

 []

[210]

Package hyperref Warning: Token not allowed in a PDF string (Unicode):
(hyperref)                removing `math shift' on input line 5483.


Package hyperref Warning: Token not allowed in a PDF string (Unicode):
(hyperref)                removing `superscript' on input line 5483.


Package hyperref Warning: Token not allowed in a PDF string (Unicode):
(hyperref)                removing `math shift' on input line 5483.

[211] [212]
Underfull \hbox (badness 10000) in paragraph at lines 5516--5524

 []

[213] [214] [215] [216]
Underfull \hbox (badness 4132) in paragraph at lines 5655--5655
[]\OT1/cmr/bx/n/10.95 Divergent \OT1/cmr/m/n/10.95 (Goroff-Sagnotti
 []


Underfull \hbox (badness 10000) in paragraph at lines 5656--5657
[]\OT1/cmr/bx/n/10.95 Conjectured pre-dic-tive
 []


Underfull \hbox (badness 10000) in paragraph at lines 5657--5658
[]\OT1/cmr/bx/n/10.95 Conjectured per-tur-ba-
 []


Underfull \hbox (badness 10000) in paragraph at lines 5651--5660

 []

[217] [218]

Package hyperref Warning: Token not allowed in a PDF string (Unicode):
(hyperref)                removing `math shift' on input line 5712.


Package hyperref Warning: Token not allowed in a PDF string (Unicode):
(hyperref)                removing `\mu' on input line 5712.


Package hyperref Warning: Token not allowed in a PDF string (Unicode):
(hyperref)                removing `math shift' on input line 5712.

[219]
Underfull \hbox (badness 10000) in paragraph at lines 5747--5756

 []

[220] [221] [222] [223] [224] [225]
Underfull \hbox (badness 10000) in paragraph at lines 5975--5975
\OT1/cmr/m/n/10.95 ity at short
 []


Underfull \hbox (badness 10000) in paragraph at lines 5975--5975
[]\OT1/cmr/m/n/10.95 Torsion bal-
 []


Underfull \hbox (badness 10000) in paragraph at lines 5976--5976
[]\OT1/cmr/m/n/10.95 Dark en-ergy
 []


Underfull \hbox (badness 10000) in paragraph at lines 5976--5976
\OT1/cmr/m/n/10.95 from Casimir
 []


Underfull \hbox (badness 4967) in paragraph at lines 5976--5976
[]$\OML/cmm/m/it/10.95 ^^Z[]$ \OT1/cmr/m/n/10.95 from SM
 []


Underfull \hbox (badness 10000) in paragraph at lines 5976--5976
[]\OT1/cmr/m/n/10.95 Cosmological
 []


Underfull \hbox (badness 10000) in paragraph at lines 5976--5976
[]\OT1/cmr/bx/n/10.95 DESI ten-
 []


Underfull \hbox (badness 10000) in paragraph at lines 5977--5977
[]$\OML/cmm/m/it/10.95 N[]$ \OT1/cmr/m/n/10.95 from
 []


Underfull \hbox (badness 10000) in paragraph at lines 5977--5977
\OT1/cmr/m/n/10.95 (af-ter intra-
 []


Underfull \hbox (badness 10000) in paragraph at lines 5977--5977
[]\OT1/cmr/bx/n/10.95 Consistent
 []


Underfull \hbox (badness 10000) in paragraph at lines 5977--5977
\OT1/cmr/m/n/10.95 (ACT+SPT:
 []


Underfull \hbox (badness 10000) in paragraph at lines 5977--5977
\OT1/cmr/m/n/10.95 2\OML/cmm/m/it/10.95 :\OT1/cmr/m/n/10.95 81 \OMS/cmtt/m/n/10
.95 ^^F \OT1/cmr/m/n/10.95 0\OML/cmm/m/it/10.95 :\OT1/cmr/m/n/10.95 18$;
 []


Underfull \hbox (badness 2173) in paragraph at lines 5977--5977
\OT1/cmr/m/n/10.95 tower dy-nam-
 []


Underfull \hbox (badness 10000) in paragraph at lines 5977--5977
\OT1/cmr/m/n/10.95 ics re-duce
 []


Underfull \hbox (badness 10000) in paragraph at lines 5978--5978
[]\OT1/cmr/m/n/10.95 meV-scale
 []


Underfull \hbox (badness 10000) in paragraph at lines 5978--5978
\OT1/cmr/m/n/10.95 scalar field
 []


Underfull \hbox (badness 3746) in paragraph at lines 5978--5978
[]$\OML/cmm/m/it/10.95 m[] \OMS/cmtt/m/n/10.95 ^^X \OT1/cmr/m/n/10.95 1 \OMS/cm
tt/m/n/10.95 ^^@
 []


Underfull \hbox (badness 2951) in paragraph at lines 5978--5978
[]\OT1/cmr/m/n/10.95 Neutron scat-
 []


Underfull \hbox (badness 3302) in paragraph at lines 5978--5978
[]\OT1/cmr/m/n/10.95 Partially con-
 []


Underfull \hbox (badness 10000) in paragraph at lines 5979--5979
[]\OT1/cmr/m/n/10.95 KK gravi-ton
 []


Underfull \hbox (badness 10000) in paragraph at lines 5979--5979
[]\OT1/cmr/m/n/10.95 High-
 []


Underfull \hbox (badness 10000) in paragraph at lines 5979--5979
\OT1/cmr/m/n/10.95 frequency
 []


Underfull \hbox (badness 10000) in paragraph at lines 5979--5979
[]\OT1/cmr/m/n/10.95 Not testable
 []


Underfull \hbox (badness 6842) in paragraph at lines 5980--5980
[]\OT1/cmr/m/n/10.95 Indirect (cos-
 []


Underfull \hbox (badness 10000) in paragraph at lines 5980--5980
[]\OT1/cmr/m/n/10.95 Not testable
 []


Underfull \hbox (badness 5970) in paragraph at lines 5981--5981
[]\OT1/cmr/m/n/10.95 Anyon statis-
 []


Underfull \hbox (badness 2772) in paragraph at lines 5981--5981
[]\OT1/cmr/m/n/10.95 FQH in-ter-fer-
 []


Underfull \hbox (badness 10000) in paragraph at lines 5982--5982
[]\OT1/cmr/m/n/10.95 Quasar spec-
 []


Underfull \hbox (badness 10000) in paragraph at lines 5982--5982
\OT1/cmr/m/n/10.95 tra, atomic
 []


Underfull \hbox (badness 10000) in paragraph at lines 5983--5983
[]\OT1/cmr/m/n/10.95 Normal neu-
 []


Underfull \hbox (badness 10000) in paragraph at lines 5983--5983
\OT1/cmr/m/n/10.95 trino mass
 []


Underfull \hbox (badness 10000) in paragraph at lines 5983--5983
[]\OT1/cmr/m/n/10.95 JUNO (data
 []


Underfull \hbox (badness 10000) in paragraph at lines 5983--5983
\OT1/cmr/m/n/10.95 tak-ing since
 []


Underfull \hbox (badness 10000) in paragraph at lines 5983--5983
[]\OT1/cmr/m/n/10.95 Hinted at
 []


Underfull \hbox (badness 10000) in paragraph at lines 5983--5983
\OT1/cmr/m/n/10.95 2 \OMS/cmtt/m/n/10.95 ^^@ ^^@\OT1/cmr/m/n/10.95 3\OML/cmm/m/
it/10.95 ^^[$
 []


Underfull \hbox (badness 1515) in paragraph at lines 5983--5983
\OT1/cmr/m/n/10.95 (NOvA, T2K,
 []


Underfull \hbox (badness 2343) in paragraph at lines 5984--5984
[]\OT1/cmr/m/n/10.95 No QCD ax-
 []


Underfull \hbox (badness 10000) in paragraph at lines 5984--5984
[]$\OML/cmm/m/it/10.95 ^^R \OT1/cmr/m/n/10.95 = 0$,
 []


Underfull \hbox (badness 10000) in paragraph at lines 5984--5984
[]\OT1/cmr/m/n/10.95 ADMX,
 []


Underfull \hbox (badness 10000) in paragraph at lines 5984--5984
\OT1/cmr/m/n/10.95 ABRA-
 []


Underfull \hbox (badness 10000) in paragraph at lines 5984--5984
\OT1/cmr/m/n/10.95 CADABRA,
 []


Underfull \hbox (badness 10000) in paragraph at lines 5984--5984
[]\OT1/cmr/m/n/10.95 Not yet ex-
 []


Overfull \hbox (10.0503pt too wide) in paragraph at lines 5985--5985
\OMS/cmtt/m/n/10.95 ^^@\OT1/cmr/m/n/10.95 68\OML/cmm/m/it/10.95 :\OT1/cmr/m/n/1
0.95 7\OML/cmm/m/it/10.95 km=s=Mpc$
 []


Underfull \hbox (badness 10000) in paragraph at lines 5985--5985
\OT1/cmr/m/n/10.95 (hidden-brane
 []


Underfull \hbox (badness 10000) in paragraph at lines 5985--5985
\OT1/cmr/m/n/10.95 dark ra-di-a-
 []


Underfull \hbox (badness 10000) in paragraph at lines 5985--5985
[]$\OT1/cmr/m/n/10.95 ^^A\OML/cmm/m/it/10.95 N[] \OT1/cmr/m/n/10.95 =
 []


Underfull \hbox (badness 2644) in paragraph at lines 5985--5985
\OT1/cmr/m/n/10.95 0\OML/cmm/m/it/10.95 :\OT1/cmr/m/n/10.95 02 \OMS/cmtt/m/n/10
.95 ^^@ ^^@\OT1/cmr/m/n/10.95 0\OML/cmm/m/it/10.95 :\OT1/cmr/m/n/10.95 14$,
 []


Underfull \hbox (badness 8056) in paragraph at lines 5985--5985
\OML/cmm/m/it/10.95 ^^X < \OT1/cmr/m/n/10.95 0\OML/cmm/m/it/10.95 :\OT1/cmr/m/n
/10.95 384$
 []


Underfull \hbox (badness 10000) in paragraph at lines 5985--5985
\OT1/cmr/m/n/10.95 (BBN);
 []


Underfull \hbox (badness 8056) in paragraph at lines 5985--5985
\OML/cmm/m/it/10.95 ^^X < \OT1/cmr/m/n/10.95 0\OML/cmm/m/it/10.95 :\OT1/cmr/m/n
/10.95 397$
 []


Underfull \hbox (badness 10000) in paragraph at lines 5985--5985
\OT1/cmr/m/n/10.95 (ACT DR6
 []


Underfull \hbox (badness 10000) in paragraph at lines 5985--5985
[]\OT1/cmr/m/n/10.95 CMB-S4,
 []


Underfull \hbox (badness 7168) in paragraph at lines 5985--5985
[]\OT1/cmr/m/n/10.95 Tier 1 \OT1/cmr/bx/n/10.95 con-
 []


Underfull \hbox (badness 10000) in paragraph at lines 5985--5985
\OT1/cmr/bx/n/10.95 sis-tent
 []


Underfull \hbox (badness 10000) in paragraph at lines 5985--5985
\OT1/cmr/m/n/10.95 with ACT
 []


Underfull \hbox (badness 10000) in paragraph at lines 5985--5985
\OT1/cmr/m/n/10.95 DR6+DESI
 []


Underfull \hbox (badness 10000) in paragraph at lines 5985--5985
\OT1/cmr/m/n/10.95 (\OT1/cmtt/m/n/10.95 68.2--68.4\OT1/cmr/m/n/10.95 );
 []


Underfull \hbox (badness 10000) in paragraph at lines 5985--5985
\OT1/cmr/m/n/10.95 Tier 2 in
 []


Underfull \hbox (badness 10000) in paragraph at lines 5985--5985
\OT1/cmr/m/n/10.95 2\OML/cmm/m/it/10.95 :\OT1/cmr/m/n/10.95 5 \OMS/cmtt/m/n/10.
95 ^^@ ^^@\OT1/cmr/m/n/10.95 2\OML/cmm/m/it/10.95 :\OT1/cmr/m/n/10.95 8\OML/cmm
/m/it/10.95 ^^[$
 []


Underfull \hbox (badness 10000) in paragraph at lines 5985--5985
\OT1/cmr/m/n/10.95 ten-sion with
 []


Underfull \hbox (badness 10000) in paragraph at lines 5972--5988

 []

[226] [227] [228] [229] [230] [231] [232] [233]
Overfull \hbox (795.24174pt too wide) detected at line 6237
[]
 []

[234] [235] [236]

Package hyperref Warning: Token not allowed in a PDF string (Unicode):
(hyperref)                removing `math shift' on input line 6287.


Package hyperref Warning: Token not allowed in a PDF string (Unicode):
(hyperref)                removing `\gamma' on input line 6287.


Package hyperref Warning: Token not allowed in a PDF string (Unicode):
(hyperref)                removing `subscript' on input line 6287.


Package hyperref Warning: Token not allowed in a PDF string (Unicode):
(hyperref)                removing `math shift' on input line 6287.

[237] [238] [239] [240] [241] [242] [243] [244] [245] [246]
Underfull \hbox (badness 10000) in paragraph at lines 6624--6624
[]\OT1/cmr/m/n/10.95 Non-perturbative
 []


Underfull \hbox (badness 10000) in paragraph at lines 6624--6624
[]\OT1/cmr/m/n/10.95 Suppression mech-a-
 []


Underfull \hbox (badness 10000) in paragraph at lines 6626--6626
[]\OT1/cmr/m/n/10.95 Casimir sta-bi-liza-tion
 []


Underfull \hbox (badness 10000) in paragraph at lines 6626--6626
[]$[][][] \OMS/cmtt/m/n/10.95 ^^X
 []


Underfull \hbox (badness 7151) in paragraph at lines 6627--6627
[]\OT1/cmr/m/n/10.95 Gravitational in-stan-
 []


Underfull \hbox (badness 10000) in paragraph at lines 6628--6628
[]\OT1/cmr/m/n/10.95 Enormous monopole
 []


Underfull \hbox (badness 5607) in paragraph at lines 6629--6630
[]\OT1/cmr/m/n/10.95 Suppressed by both
 []


Underfull \hbox (badness 10000) in paragraph at lines 6623--6632

 []

[247] [248] [249] [250] [251]

Package hyperref Warning: Token not allowed in a PDF string (Unicode):
(hyperref)                removing `math shift' on input line 6760.


Package hyperref Warning: Token not allowed in a PDF string (Unicode):
(hyperref)                removing `subscript' on input line 6760.


Package hyperref Warning: Token not allowed in a PDF string (Unicode):
(hyperref)                removing `math shift' on input line 6760.

[252]

Package hyperref Warning: Token not allowed in a PDF string (Unicode):
(hyperref)                removing `math shift' on input line 6794.


Package hyperref Warning: Token not allowed in a PDF string (Unicode):
(hyperref)                removing `subscript' on input line 6794.


Package hyperref Warning: Token not allowed in a PDF string (Unicode):
(hyperref)                removing `math shift' on input line 6794.

[253]
Overfull \hbox (101.69286pt too wide) detected at line 6840
[]
 []

[254]

Package hyperref Warning: Token not allowed in a PDF string (Unicode):
(hyperref)                removing `math shift' on input line 6859.


Package hyperref Warning: Token not allowed in a PDF string (Unicode):
(hyperref)                removing `math shift' on input line 6859.


Package hyperref Warning: Token not allowed in a PDF string (Unicode):
(hyperref)                removing `math shift' on input line 6881.


Package hyperref Warning: Token not allowed in a PDF string (Unicode):
(hyperref)                removing `math shift' on input line 6881.


Package hyperref Warning: Token not allowed in a PDF string (Unicode):
(hyperref)                removing `math shift' on input line 6881.


Package hyperref Warning: Token not allowed in a PDF string (Unicode):
(hyperref)                removing `math shift' on input line 6881.

[255] [256]
Underfull \hbox (badness 1845) in paragraph at lines 6935--6936
[]\OT1/cmr/m/n/10.95 KK masses en-sure pos-i-tive
 []


Underfull \hbox (badness 1721) in paragraph at lines 6936--6936
[]\OT1/cmr/m/n/10.95 Singular heat ker-nel co-ef-fi-
 []


Underfull \hbox (badness 10000) in paragraph at lines 6932--6942

 []

[257] [258]
Underfull \hbox (badness 3792) in paragraph at lines 7003--7004
[]\OT1/cmr/m/n/10.95 Zeta reg-u-lar-iza-tion of KK
 []


Underfull \hbox (badness 2894) in paragraph at lines 7004--7005
[]\OT1/cmr/m/n/10.95 No prop-a-gat-ing de-grees of
 []


Underfull \hbox (badness 10000) in paragraph at lines 6999--7007

 []

[259] [260]
Underfull \hbox (badness 10000) in paragraph at lines 7061--7072

 []

[261]
Underfull \hbox (badness 10000) in paragraph at lines 7103--7113

 []

[262] [263] [264]
Underfull \hbox (badness 10000) in paragraph at lines 7225--7233

 []

[265] [266] [267]
Underfull \hbox (badness 10000) in paragraph at lines 7371--7383

 []

[268] [269] [270]
Underfull \hbox (badness 10000) in paragraph at lines 7479--7479
[]\OT1/cmr/m/n/10.95 Connection to M-
 []


Underfull \hbox (badness 10000) in paragraph at lines 7481--7481
[]\OT1/cmr/m/n/10.95 Inherited from M-
 []


Underfull \hbox (badness 10000) in paragraph at lines 7471--7484

 []

[271] [272] [273] [274] [275] [276] [277] [278] [279]

Package hyperref Warning: Token not allowed in a PDF string (Unicode):
(hyperref)                removing `math shift' on input line 7774.


Package hyperref Warning: Token not allowed in a PDF string (Unicode):
(hyperref)                removing `math shift' on input line 7774.


Package hyperref Warning: Token not allowed in a PDF string (Unicode):
(hyperref)                removing `math shift' on input line 7787.


Package hyperref Warning: Token not allowed in a PDF string (Unicode):
(hyperref)                removing `\geq' on input line 7787.


Package hyperref Warning: Token not allowed in a PDF string (Unicode):
(hyperref)                removing `math shift' on input line 7787.


Underfull \hbox (badness 10000) in paragraph at lines 7794--7804

 []

[280]
Underfull \hbox (badness 10000) in paragraph at lines 7827--7837

 []

[281] [282] [283]
Underfull \hbox (badness 10000) in paragraph at lines 7917--7917
[]\OT1/cmr/m/n/10.95 GW po-lar-iza-tions
 []


Underfull \hbox (badness 1515) in paragraph at lines 7917--7917
[]\OT1/cmr/m/n/10.95 2 (ten-sor +, $\OMS/cmtt/m/n/10.95 ^^B$\OT1/cmr/m/n/10.95 
) ---
 []


Underfull \hbox (badness 2951) in paragraph at lines 7918--7918
[]\OT1/cmtt/m/n/10.95 c \OT1/cmr/m/n/10.95 ex-actly ($\OML/cmm/m/it/10.95 n \OT
1/cmr/m/n/10.95 = 0$
 []


Underfull \hbox (badness 10000) in paragraph at lines 7920--7920
[]\OT1/cmr/m/n/10.95 Additional po-lar-iza-
 []


Underfull \hbox (badness 1019) in paragraph at lines 7920--7920
[]\OT1/cmr/m/n/10.95 5 per KK mode, at
 []


Underfull \hbox (badness 2103) in paragraph at lines 7921--7921
[]$\OML/cmm/m/it/10.95 []e[]$ \OT1/cmr/m/n/10.95 at $\OML/cmm/m/it/10.95 r <
 []


Underfull \hbox (badness 10000) in paragraph at lines 7921--7922
[]\OT1/cmr/m/n/10.95 Testable (Pre-dic-tion
 []


Underfull \hbox (badness 10000) in paragraph at lines 7914--7924

 []

[284] [285] [286] [287] [288] [289] [290]
Underfull \hbox (badness 10000) in paragraph at lines 8196--8196
[]\OT1/cmr/m/n/10.95 String the-ory
 []


Underfull \hbox (badness 10000) in paragraph at lines 8196--8196
\OT1/cmr/m/n/10.95 (Strominger-Vafa
 []


Underfull \hbox (badness 6542) in paragraph at lines 8197--8197
[]\OT1/cmr/m/n/10.95 Spin net-work punc-
 []


Underfull \hbox (badness 4779) in paragraph at lines 8198--8198
[]\OT1/cmr/bx/n/10.95 E-circle con-fig-u-ra-
 []


Underfull \hbox (badness 10000) in paragraph at lines 8198--8199
[]\OT1/cmr/bx/n/10.95 None \OT1/cmr/m/n/10.95 (R from
 []


Underfull \hbox (badness 10000) in paragraph at lines 8192--8201

 []

[291] [292] [293] [294] [295]
Overfull \hbox (10.58118pt too wide) in paragraph at lines 8356--8358
\OT1/cmr/m/n/12 Under CPT: each co-or-di-nate is in-verted, so the Ja-co-bian o
f the trans-for-ma-tion is $[][][] =
 []

[296] [297] [298]
Underfull \hbox (badness 10000) in paragraph at lines 8455--8455
[]\OT1/cmr/m/n/10.95 Hydrogen spec-
 []


Underfull \hbox (badness 10000) in paragraph at lines 8449--8458

 []

[299] [300]

Package hyperref Warning: Token not allowed in a PDF string (Unicode):
(hyperref)                removing `math shift' on input line 8558.


Package hyperref Warning: Token not allowed in a PDF string (Unicode):
(hyperref)                removing `subscript' on input line 8558.


Package hyperref Warning: Token not allowed in a PDF string (Unicode):
(hyperref)                removing `math shift' on input line 8558.

[301] [302] [303] [304] [305] [306] [307]
Underfull \hbox (badness 10000) in paragraph at lines 8781--8781
[]\OT1/cmr/bx/n/10.95 3.09 \OT1/cmr/m/n/10.95 (dila-ton
 []


Underfull \hbox (badness 10000) in paragraph at lines 8781--8781
\OT1/cmr/m/n/10.95 + intra-tower
 []


Underfull \hbox (badness 10000) in paragraph at lines 8781--8782
[]\OT1/cmr/bx/n/10.95 Consistent
 []


Underfull \hbox (badness 10000) in paragraph at lines 8781--8782
\OT1/cmr/m/n/10.95 (ACT+SPT:
 []


Underfull \hbox (badness 3302) in paragraph at lines 8781--8782
\OT1/cmr/m/n/10.95 3.61 re-duced to
 []


Underfull \hbox (badness 10000) in paragraph at lines 8781--8782
\OT1/cmr/m/n/10.95 3.09 by tower
 []


Underfull \hbox (badness 10000) in paragraph at lines 8782--8782
[]\OT1/cmr/m/n/10.95 Standard +
 []


Underfull \hbox (badness 10000) in paragraph at lines 8782--8783
[]\OT1/cmr/m/n/10.95 Consistent
 []


Underfull \hbox (badness 10000) in paragraph at lines 8783--8784
[]\OT1/cmr/bx/n/10.95 DESI ten-sion
 []


Underfull \hbox (badness 10000) in paragraph at lines 8784--8784
[]\OT1/cmr/m/n/10.95 Consistent (by
 []


Underfull \hbox (badness 10000) in paragraph at lines 8778--8788

 []

[308] [309] [310] [311] [312] [313]
Underfull \hbox (badness 10000) in paragraph at lines 8979--8987

 []

[314] [315] [316] [317]

Package hyperref Warning: Token not allowed in a PDF string (Unicode):
(hyperref)                removing `math shift' on input line 9123.


Package hyperref Warning: Token not allowed in a PDF string (Unicode):
(hyperref)                removing `superscript' on input line 9123.


Package hyperref Warning: Token not allowed in a PDF string (Unicode):
(hyperref)                removing `\times' on input line 9123.


Package hyperref Warning: Token not allowed in a PDF string (Unicode):
(hyperref)                removing `superscript' on input line 9123.


Package hyperref Warning: Token not allowed in a PDF string (Unicode):
(hyperref)                removing `math shift' on input line 9123.

[318] [319] [320] [321]

Package hyperref Warning: Token not allowed in a PDF string (Unicode):
(hyperref)                removing `math shift' on input line 9271.


Package hyperref Warning: Token not allowed in a PDF string (Unicode):
(hyperref)                removing `subscript' on input line 9271.


Package hyperref Warning: Token not allowed in a PDF string (Unicode):
(hyperref)                removing `math shift' on input line 9271.


Package hyperref Warning: Token not allowed in a PDF string (Unicode):
(hyperref)                removing `math shift' on input line 9283.


Package hyperref Warning: Token not allowed in a PDF string (Unicode):
(hyperref)                removing `superscript' on input line 9283.


Package hyperref Warning: Token not allowed in a PDF string (Unicode):
(hyperref)                removing `\times' on input line 9283.


Package hyperref Warning: Token not allowed in a PDF string (Unicode):
(hyperref)                removing `superscript' on input line 9283.


Package hyperref Warning: Token not allowed in a PDF string (Unicode):
(hyperref)                removing `math shift' on input line 9283.

[322]
Overfull \hbox (8.94089pt too wide) in paragraph at lines 9293--9295
\OT1/cmr/m/n/12 By the gen-eral the-ory of spec-tral zeta func-tions on com-pac
t man-i-folds [[]], Minakshisundaram-
 []

[323] [324]

Package hyperref Warning: Token not allowed in a PDF string (Unicode):
(hyperref)                removing `math shift' on input line 9359.


Package hyperref Warning: Token not allowed in a PDF string (Unicode):
(hyperref)                removing `math shift' on input line 9359.


Package hyperref Warning: Token not allowed in a PDF string (Unicode):
(hyperref)                removing `math shift' on input line 9364.


Package hyperref Warning: Token not allowed in a PDF string (Unicode):
(hyperref)                removing `\geq' on input line 9364.


Package hyperref Warning: Token not allowed in a PDF string (Unicode):
(hyperref)                removing `math shift' on input line 9364.

[325] [326] [327]
Underfull \hbox (badness 10000) in paragraph at lines 9424--9433

 []


Overfull \hbox (1.78555pt too wide) in paragraph at lines 9435--9436
[]\OT1/cmr/m/n/12 The com-plete van-ish-ing is ro-bust: 100% of the sub-lead-in
g van-ish-ing is scheme-independent
 []

[328]
Underfull \hbox (badness 10000) in paragraph at lines 9468--9468
[]\OT1/cmr/m/n/10.95 No (above
 []


Underfull \hbox (badness 7777) in paragraph at lines 9469--9469
[]\OT1/cmr/m/n/10.95 Unknown (fi-nite
 []


Underfull \hbox (badness 10000) in paragraph at lines 9469--9469
[]\OT1/cmr/m/n/10.95 SUSY can-cel-la-
 []


Underfull \hbox (badness 3872) in paragraph at lines 9469--9470
[]\OT1/cmr/m/n/10.95 Open be-yond 4
 []


Underfull \hbox (badness 10000) in paragraph at lines 9471--9471
[]\OT1/cmr/m/n/10.95 Loop quan-tum
 []


Underfull \hbox (badness 10000) in paragraph at lines 9471--9471
[]\OT1/cmr/m/n/10.95 Discrete spin
 []


Underfull \hbox (badness 10000) in paragraph at lines 9472--9472
[]\OT1/cmr/m/n/10.95 Asymptotic
 []


Underfull \hbox (badness 10000) in paragraph at lines 9472--9472
[]\OT1/cmr/bx/n/10.95 Yes \OT1/cmr/m/n/10.95 (non-
 []


Underfull \hbox (badness 5374) in paragraph at lines 9472--9472
[]\OT1/cmr/m/n/10.95 Yes (near fixed
 []


Underfull \hbox (badness 10000) in paragraph at lines 9472--9473
[]\OT1/cmr/m/n/10.95 Evidence, not
 []


Underfull \hbox (badness 10000) in paragraph at lines 9473--9473
[]\OT1/cmr/bx/n/10.95 Yes \OT1/cmr/m/n/10.95 (The-o-rem
 []


Underfull \hbox (badness 2088) in paragraph at lines 9473--9473
[]\OT1/cmr/m/n/10.95 Compact e-circle
 []


Underfull \hbox (badness 10000) in paragraph at lines 9473--9474
[]\OT1/cmr/bx/n/10.95 Proved (this
 []


Underfull \hbox (badness 10000) in paragraph at lines 9465--9476

 []

[329] [330] [331] [332] [333] [334] [335] [336]
Overfull \hbox (0.2549pt too wide) in paragraph at lines 9756--9757
\OT1/cmr/m/n/12 Both are fi-nite. The fi-nite part of the ef-fec-tive ac-tion i
s a poly-no-mial in $[]$
 []

[337] [338]
Underfull \hbox (badness 10000) in paragraph at lines 9841--9850

 []

[339] [340] [341] [342] [343] [344] [345] [346] [347] [348] [349] [350]
[351] [352] [353] [354] [355]
Underfull \hbox (badness 10000) in paragraph at lines 10397--10397
[]\OT1/cmr/bx/n/10.95 Divergent
 []


Underfull \hbox (badness 10000) in paragraph at lines 10394--10403

 []

[356]
Underfull \hbox (badness 10000) in paragraph at lines 10419--10419
[]\OT1/cmr/m/n/10.95 Vertex mass-
 []


Underfull \hbox (badness 10000) in paragraph at lines 10419--10419
[]\OT1/cmr/m/n/10.95 5D gauge $=[]\OMS/cmtt/m/n/10.95 )$ \OT1/cmr/m/n/10.95 n-
 []


Underfull \hbox (badness 10000) in paragraph at lines 10419--10419
\OT1/cmr/m/n/10.95 independent prop-a-
 []


Underfull \hbox (badness 10000) in paragraph at lines 10419--10419
\OT1/cmr/m/n/10.95 ga-tor nu-mer-a-tor +
 []


Underfull \hbox (badness 2799) in paragraph at lines 10422--10422
[]\OT1/cmr/m/n/10.95 No ex-plicit two-loop
 []


Underfull \hbox (badness 10000) in paragraph at lines 10416--10425

 []

[357] [358] [359] [360] [361] [362]
Overfull \hbox (20.12329pt too wide) in paragraph at lines 10601--10603
\OT1/cmr/m/n/12 through the gauge-fixing terms. The 5D de Don-der gauge con-di-
tion for mode \OT1/cmtt/m/n/12 n \OT1/cmr/m/n/12 is $\OML/cmm/m/it/12 @[]h[]\OM
S/cmsy/m/n/12 ^^@$\TS1/cmr/m/n/12 ˝$\OML/cmm/m/it/12 @[]h \OT1/cmr/m/n/12 =
 []

[363] [364] [365] [366] [367] [368] [369] [370] [371] [372]

Package hyperref Warning: Token not allowed in a PDF string (Unicode):
(hyperref)                removing `math shift' on input line 10942.


Package hyperref Warning: Token not allowed in a PDF string (Unicode):
(hyperref)                removing `subscript' on input line 10942.


Package hyperref Warning: Token not allowed in a PDF string (Unicode):
(hyperref)                removing `math shift' on input line 10942.


Underfull \hbox (badness 10000) in paragraph at lines 10967--10974

 []

[373] [374] [375]

Package hyperref Warning: Token not allowed in a PDF string (Unicode):
(hyperref)                removing `math shift' on input line 11059.


Package hyperref Warning: Token not allowed in a PDF string (Unicode):
(hyperref)                removing `subscript' on input line 11059.


Package hyperref Warning: Token not allowed in a PDF string (Unicode):
(hyperref)                removing `math shift' on input line 11059.


Underfull \hbox (badness 10000) in paragraph at lines 11076--11087

 []

[376] [377] [378]
Underfull \hbox (badness 10000) in paragraph at lines 11187--11195

 []

[379]

Package hyperref Warning: Token not allowed in a PDF string (Unicode):
(hyperref)                removing `math shift' on input line 11200.


Package hyperref Warning: Token not allowed in a PDF string (Unicode):
(hyperref)                removing `\pi' on input line 11200.


Package hyperref Warning: Token not allowed in a PDF string (Unicode):
(hyperref)                removing `superscript' on input line 11200.


Package hyperref Warning: Token not allowed in a PDF string (Unicode):
(hyperref)                removing `math shift' on input line 11200.

[380] [381]
Underfull \hbox (badness 10000) in paragraph at lines 11301--11302
[]\OT1/cmr/m/n/10.95 Two-polarization cou-pling
 []


Underfull \hbox (badness 10000) in paragraph at lines 11297--11306

 []

[382]

Package hyperref Warning: Token not allowed in a PDF string (Unicode):
(hyperref)                removing `math shift' on input line 11311.


Package hyperref Warning: Token not allowed in a PDF string (Unicode):
(hyperref)                removing `subscript' on input line 11311.


Package hyperref Warning: Token not allowed in a PDF string (Unicode):
(hyperref)                removing `superscript' on input line 11311.


Package hyperref Warning: Token not allowed in a PDF string (Unicode):
(hyperref)                removing `math shift' on input line 11311.

[383] [384] [385]
Underfull \hbox (badness 10000) in paragraph at lines 11430--11430
[]\OT1/cmr/bx/n/10.95 Product:
 []


Underfull \hbox (badness 10000) in paragraph at lines 11424--11433

 []

[386] [387]
Underfull \hbox (badness 10000) in paragraph at lines 11487--11496

 []

[388]
Underfull \hbox (badness 1769) in paragraph at lines 11520--11520
[]\OT1/cmr/m/n/10.95 Quantum the-ory of the e-
 []


Underfull \hbox (badness 10000) in paragraph at lines 11517--11532

 []

[389] [390] [391] [392]

Package hyperref Warning: Token not allowed in a PDF string (Unicode):
(hyperref)                removing `math shift' on input line 11635.


Package hyperref Warning: Token not allowed in a PDF string (Unicode):
(hyperref)                removing `subscript' on input line 11635.


Package hyperref Warning: Token not allowed in a PDF string (Unicode):
(hyperref)                removing `math shift' on input line 11635.


Package hyperref Warning: Token not allowed in a PDF string (Unicode):
(hyperref)                removing `math shift' on input line 11638.


Package hyperref Warning: Token not allowed in a PDF string (Unicode):
(hyperref)                removing `\theta' on input line 11638.


Package hyperref Warning: Token not allowed in a PDF string (Unicode):
(hyperref)                removing `math shift' on input line 11638.


Package hyperref Warning: Token not allowed in a PDF string (Unicode):
(hyperref)                removing `math shift' on input line 11649.


Package hyperref Warning: Token not allowed in a PDF string (Unicode):
(hyperref)                removing `\theta' on input line 11649.


Package hyperref Warning: Token not allowed in a PDF string (Unicode):
(hyperref)                removing `math shift' on input line 11649.


Package hyperref Warning: Token not allowed in a PDF string (Unicode):
(hyperref)                removing `math shift' on input line 11649.


Package hyperref Warning: Token not allowed in a PDF string (Unicode):
(hyperref)                removing `superscript' on input line 11649.


Package hyperref Warning: Token not allowed in a PDF string (Unicode):
(hyperref)                removing `subscript' on input line 11649.


Package hyperref Warning: Token not allowed in a PDF string (Unicode):
(hyperref)                removing `math shift' on input line 11649.

[393] [394]
Underfull \hbox (badness 2818) in paragraph at lines 11709--11709
[]\OT1/cmr/m/n/10.95 QCD ax-ion at $1 \OMS/cmtt/m/n/10.95 ^^@
 []


Underfull \hbox (badness 10000) in paragraph at lines 11710--11710
[]\OT1/cmr/m/n/10.95 Axion at $10[] \OMS/cmtt/m/n/10.95 ^^@
 []


Underfull \hbox (badness 10000) in paragraph at lines 11711--11711
[]\OT1/cmr/m/n/10.95 Axion at $10[] \OMS/cmtt/m/n/10.95 ^^@
 []


Underfull \hbox (badness 10000) in paragraph at lines 11706--11715

 []

[395] [396]
Underfull \hbox (badness 10000) in paragraph at lines 11769--11778

 []


Underfull \hbox (badness 10000) in paragraph at lines 11789--11789
[]\OT1/cmr/m/n/10.95 CCHP TRGB
 []


Underfull \hbox (badness 10000) in paragraph at lines 11789--11789
\OT1/cmr/m/n/10.95 (HST+JWST, 24
 []


Underfull \hbox (badness 10000) in paragraph at lines 11789--11790
[]\OT1/cmr/m/n/10.95 Freedman et al.
 []


Underfull \hbox (badness 10000) in paragraph at lines 11790--11791
[]\OT1/cmr/m/n/10.95 Freedman et al.
 []


Underfull \hbox (badness 10000) in paragraph at lines 11791--11792
[]\OT1/cmr/m/n/10.95 Freedman et al.
 []


Underfull \hbox (badness 10000) in paragraph at lines 11785--11796

 []

[397] [398]

Package hyperref Warning: Token not allowed in a PDF string (Unicode):
(hyperref)                removing `math shift' on input line 11831.


Package hyperref Warning: Token not allowed in a PDF string (Unicode):
(hyperref)                removing `\xi' on input line 11831.


Package hyperref Warning: Token not allowed in a PDF string (Unicode):
(hyperref)                removing `math shift' on input line 11831.

[399]

Package hyperref Warning: Token not allowed in a PDF string (Unicode):
(hyperref)                removing `math shift' on input line 11849.


Package hyperref Warning: Token not allowed in a PDF string (Unicode):
(hyperref)                removing `\Delta' on input line 11849.


Package hyperref Warning: Token not allowed in a PDF string (Unicode):
(hyperref)                removing `subscript' on input line 11849.


Package hyperref Warning: Token not allowed in a PDF string (Unicode):
(hyperref)                removing `math shift' on input line 11849.


Package hyperref Warning: Token not allowed in a PDF string (Unicode):
(hyperref)                removing `math shift' on input line 11859.


Package hyperref Warning: Token not allowed in a PDF string (Unicode):
(hyperref)                removing `subscript' on input line 11859.


Package hyperref Warning: Token not allowed in a PDF string (Unicode):
(hyperref)                removing `math shift' on input line 11859.

[400]

Package hyperref Warning: Token not allowed in a PDF string (Unicode):
(hyperref)                removing `math shift' on input line 11872.


Package hyperref Warning: Token not allowed in a PDF string (Unicode):
(hyperref)                removing `subscript' on input line 11872.


Package hyperref Warning: Token not allowed in a PDF string (Unicode):
(hyperref)                removing `math shift' on input line 11872.


Package hyperref Warning: Token not allowed in a PDF string (Unicode):
(hyperref)                removing `math shift' on input line 11888.


Package hyperref Warning: Token not allowed in a PDF string (Unicode):
(hyperref)                removing `\xi' on input line 11888.


Package hyperref Warning: Token not allowed in a PDF string (Unicode):
(hyperref)                removing `math shift' on input line 11888.

[401]
Underfull \hbox (badness 10000) in paragraph at lines 11918--11929

 []


Package hyperref Warning: Token not allowed in a PDF string (Unicode):
(hyperref)                removing `math shift' on input line 11942.


Package hyperref Warning: Token not allowed in a PDF string (Unicode):
(hyperref)                removing `subscript' on input line 11942.


Package hyperref Warning: Token not allowed in a PDF string (Unicode):
(hyperref)                removing `math shift' on input line 11942.


Package hyperref Warning: Token not allowed in a PDF string (Unicode):
(hyperref)                removing `math shift' on input line 11945.


Package hyperref Warning: Token not allowed in a PDF string (Unicode):
(hyperref)                removing `subscript' on input line 11945.


Package hyperref Warning: Token not allowed in a PDF string (Unicode):
(hyperref)                removing `math shift' on input line 11945.

[402]
Underfull \hbox (badness 10000) in paragraph at lines 11978--11986

 []


Underfull \hbox (badness 10000) in paragraph at lines 11998--12006

 []

[403]

Package hyperref Warning: Token not allowed in a PDF string (Unicode):
(hyperref)                removing `math shift' on input line 12032.


Package hyperref Warning: Token not allowed in a PDF string (Unicode):
(hyperref)                removing `\omega' on input line 12032.


Package hyperref Warning: Token not allowed in a PDF string (Unicode):
(hyperref)                removing `subscript' on input line 12032.


Package hyperref Warning: Token not allowed in a PDF string (Unicode):
(hyperref)                removing `math shift' on input line 12032.

[404]

Package hyperref Warning: Token not allowed in a PDF string (Unicode):
(hyperref)                removing `math shift' on input line 12049.


Package hyperref Warning: Token not allowed in a PDF string (Unicode):
(hyperref)                removing `subscript' on input line 12049.


Package hyperref Warning: Token not allowed in a PDF string (Unicode):
(hyperref)                removing `math shift' on input line 12049.


Package hyperref Warning: Token not allowed in a PDF string (Unicode):
(hyperref)                removing `math shift' on input line 12049.


Package hyperref Warning: Token not allowed in a PDF string (Unicode):
(hyperref)                removing `\xi' on input line 12049.


Package hyperref Warning: Token not allowed in a PDF string (Unicode):
(hyperref)                removing `superscript' on input line 12049.


Package hyperref Warning: Token not allowed in a PDF string (Unicode):
(hyperref)                removing `math shift' on input line 12049.

[405]
Underfull \hbox (badness 10000) in paragraph at lines 12073--12086

 []

[406] [407]

Package hyperref Warning: Token not allowed in a PDF string (Unicode):
(hyperref)                removing `math shift' on input line 12150.


Package hyperref Warning: Token not allowed in a PDF string (Unicode):
(hyperref)                removing `subscript' on input line 12150.


Package hyperref Warning: Token not allowed in a PDF string (Unicode):
(hyperref)                removing `math shift' on input line 12150.


Package hyperref Warning: Token not allowed in a PDF string (Unicode):
(hyperref)                removing `\begingroup' on input line 12150.


Package hyperref Warning: Token not allowed in a PDF string (Unicode):
(hyperref)                removing `\<let>-command' on input line 12150.


Package hyperref Warning: Token not allowed in a PDF string (Unicode):
(hyperref)                removing `\NAT@ctype' on input line 12150.


Package hyperref Warning: Token not allowed in a PDF string (Unicode):
(hyperref)                removing `\z@' on input line 12150.


Package hyperref Warning: Token not allowed in a PDF string (Unicode):
(hyperref)                removing `\let' on input line 12150.


Package hyperref Warning: Token not allowed in a PDF string (Unicode):
(hyperref)                removing `\let' on input line 12150.


Package hyperref Warning: Token not allowed in a PDF string (Unicode):
(hyperref)                removing `\new@ifnextchar' on input line 12150.


Package hyperref Warning: Token not allowed in a PDF string (Unicode):
(hyperref)                removing `\begingroup' on input line 12157.


Package hyperref Warning: Token not allowed in a PDF string (Unicode):
(hyperref)                removing `\<let>-command' on input line 12157.


Package hyperref Warning: Token not allowed in a PDF string (Unicode):
(hyperref)                removing `\NAT@ctype' on input line 12157.


Package hyperref Warning: Token not allowed in a PDF string (Unicode):
(hyperref)                removing `\z@' on input line 12157.


Package hyperref Warning: Token not allowed in a PDF string (Unicode):
(hyperref)                removing `\let' on input line 12157.


Package hyperref Warning: Token not allowed in a PDF string (Unicode):
(hyperref)                removing `\let' on input line 12157.


Package hyperref Warning: Token not allowed in a PDF string (Unicode):
(hyperref)                removing `\new@ifnextchar' on input line 12157.

[408]
Underfull \hbox (badness 2368) in paragraph at lines 12184--12185
[]$\OT1/cmr/m/n/10.95 3\OML/cmm/m/it/10.95 :\OT1/cmr/m/n/10.95 5\OML/cmm/m/it/1
0.95 ^^[$ \OT1/cmr/bx/n/10.95 ten-sion with ACT
 []


Underfull \hbox (badness 10000) in paragraph at lines 12176--12188

 []


Overfull \hbox (109.12744pt too wide) detected at line 12202
[]
 []

[409]

Package hyperref Warning: Token not allowed in a PDF string (Unicode):
(hyperref)                removing `math shift' on input line 12219.


Package hyperref Warning: Token not allowed in a PDF string (Unicode):
(hyperref)                removing `subscript' on input line 12219.


Package hyperref Warning: Token not allowed in a PDF string (Unicode):
(hyperref)                removing `math shift' on input line 12219.


Underfull \hbox (badness 10000) in paragraph at lines 12235--12245

 []

[410]
Underfull \hbox (badness 10000) in paragraph at lines 12265--12286

 []

[411] [412] [413] [414] [415]
Underfull \hbox (badness 10000) in paragraph at lines 12402--12410

 []


Package hyperref Warning: Token not allowed in a PDF string (Unicode):
(hyperref)                removing `math shift' on input line 12420.


Package hyperref Warning: Token not allowed in a PDF string (Unicode):
(hyperref)                removing `subscript' on input line 12420.


Package hyperref Warning: Token not allowed in a PDF string (Unicode):
(hyperref)                removing `math shift' on input line 12420.

[416] [417] [418]
Underfull \hbox (badness 10000) in paragraph at lines 12506--12506
[]\OT1/cmr/m/n/10.95 KK-neutrino co-in-ci-
 []


Underfull \hbox (badness 10000) in paragraph at lines 12500--12509

 []

(./main.bbl [419] [420] [421] [422]) [423] (./main.aux)
 ***********
LaTeX2e <2025-11-01>
L3 programming layer <2026-01-19>
 ***********


LaTeX Font Warning: Some font shapes were not available, defaults substituted.

Package rerunfilecheck Info: File `main.out' has not changed.
(rerunfilecheck)             Checksum: 763A08D751DE8EF8FDA7CAEC6CB9B2AB;147393.

 ) 
Here is how much of TeX's memory you used:
 16843 strings out of 469006
 243614 string characters out of 5454814
 692216 words of memory out of 5000000
 43147 multiletter control sequences out of 15000+600000
 644130 words of font info for 99 fonts, out of 8000000 for 9000
 319 hyphenation exceptions out of 8191
 75i,17n,79p,2303b,799s stack positions out of 10000i,1000n,20000p,200000b,200000s
</usr/local/texlive/2026basic/texmf-dist/fonts/type1/public/amsfonts/cm/cmbx1
0.pfb></usr/local/texlive/2026basic/texmf-dist/fonts/type1/public/amsfonts/cm/c
mbx12.pfb></usr/local/texlive/2026basic/texmf-dist/fonts/type1/public/amsfonts/
cm/cmex10.pfb></usr/local/texlive/2026basic/texmf-dist/fonts/type1/public/amsfo
nts/cm/cmitt10.pfb></usr/local/texlive/2026basic/texmf-dist/fonts/type1/public/
amsfonts/cm/cmmi10.pfb></usr/local/texlive/2026basic/texmf-dist/fonts/type1/pub
lic/amsfonts/cm/cmmi12.pfb></usr/local/texlive/2026basic/texmf-dist/fonts/type1
/public/amsfonts/cm/cmmi6.pfb></usr/local/texlive/2026basic/texmf-dist/fonts/ty
pe1/public/amsfonts/cm/cmmi8.pfb></usr/local/texlive/2026basic/texmf-dist/fonts
/type1/public/amsfonts/cm/cmr10.pfb></usr/local/texlive/2026basic/texmf-dist/fo
nts/type1/public/amsfonts/cm/cmr12.pfb></usr/local/texlive/2026basic/texmf-dist
/fonts/type1/public/amsfonts/cm/cmr6.pfb></usr/local/texlive/2026basic/texmf-di
st/fonts/type1/public/amsfonts/cm/cmr8.pfb></usr/local/texlive/2026basic/texmf-
dist/fonts/type1/public/amsfonts/cm/cmsy10.pfb></usr/local/texlive/2026basic/te
xmf-dist/fonts/type1/public/amsfonts/cm/cmsy6.pfb></usr/local/texlive/2026basic
/texmf-dist/fonts/type1/public/amsfonts/cm/cmsy8.pfb></usr/local/texlive/2026ba
sic/texmf-dist/fonts/type1/public/amsfonts/cm/cmti10.pfb></usr/local/texlive/20
26basic/texmf-dist/fonts/type1/public/amsfonts/cm/cmti12.pfb></usr/local/texliv
e/2026basic/texmf-dist/fonts/type1/public/amsfonts/cm/cmtt10.pfb></usr/local/te
xlive/2026basic/texmf-dist/fonts/type1/public/amsfonts/cm/cmtt12.pfb></usr/loca
l/texlive/2026basic/texmf-dist/fonts/type1/public/amsfonts/symbols/msam10.pfb><
/usr/local/texlive/2026basic/texmf-dist/fonts/type1/public/amsfonts/symbols/msb
m10.pfb></usr/local/texlive/2026basic/texmf-dist/fonts/type1/public/cm-super/sf
bx1095.pfb></usr/local/texlive/2026basic/texmf-dist/fonts/type1/public/cm-super
/sfit1200.pfb></usr/local/texlive/2026basic/texmf-dist/fonts/type1/public/cm-su
per/sfrm1095.pfb></usr/local/texlive/2026basic/texmf-dist/fonts/type1/public/cm
-super/sfrm1200.pfb></usr/local/texlive/2026basic/texmf-dist/fonts/type1/public
/cm-super/sfti1200.pfb></usr/local/texlive/2026basic/texmf-dist/fonts/type1/pub
lic/cm-super/sftt1095.pfb></usr/local/texlive/2026basic/texmf-dist/fonts/type1/
public/cm-super/sftt1200.pfb>
Output written on main.pdf (423 pages, 1426202 bytes).
PDF statistics:
 7287 PDF objects out of 7423 (max. 8388607)
 6737 compressed objects within 68 object streams
 2203 named destinations out of 2487 (max. 500000)
 5865 words of extra memory for PDF output out of 10000 (max. 10000000)

